{"D:\\TrainingIA\\SistemaDePedidosRestaurante\\orders-producer-frontend\\src\\App.tsx": {"path":"D:\\TrainingIA\\SistemaDePedidosRestaurante\\orders-producer-frontend\\src\\App.tsx","statementMap":{},"fnMap":{"0":{"name":"App","decl":{"start":{"line":10,"column":24},"end":{"line":10,"column":null}},"loc":{"start":{"line":10,"column":24},"end":{"line":24,"column":null}},"line":10}},"branchMap":{},"s":{},"f":{"0":0},"b":{},"meta":{"lastBranch":0,"lastFunction":1,"lastStatement":0,"seen":{"f:10:24:10:Infinity":0}}}
,"D:\\TrainingIA\\SistemaDePedidosRestaurante\\orders-producer-frontend\\src\\components\\ActiveOrdersTracker.tsx": {"path":"D:\\TrainingIA\\SistemaDePedidosRestaurante\\orders-producer-frontend\\src\\components\\ActiveOrdersTracker.tsx","statementMap":{"0":{"start":{"line":8,"column":76},"end":{"line":14,"column":null}},"1":{"start":{"line":16,"column":22},"end":{"line":21,"column":null}},"2":{"start":{"line":52,"column":29},"end":{"line":52,"column":null}},"3":{"start":{"line":69,"column":29},"end":{"line":69,"column":null}},"4":{"start":{"line":71,"column":38},"end":{"line":71,"column":65}},"5":{"start":{"line":72,"column":33},"end":{"line":72,"column":null}},"6":{"start":{"line":102,"column":39},"end":{"line":102,"column":null}},"7":{"start":{"line":112,"column":39},"end":{"line":112,"column":null}}},"fnMap":{"0":{"name":"ActiveOrdersTracker","decl":{"start":{"line":32,"column":16},"end":{"line":32,"column":36}},"loc":{"start":{"line":39,"column":27},"end":{"line":127,"column":null}},"line":39},"1":{"name":"(anonymous_1)","decl":{"start":{"line":52,"column":23},"end":{"line":52,"column":29}},"loc":{"start":{"line":52,"column":29},"end":{"line":52,"column":null}},"line":52},"2":{"name":"(anonymous_2)","decl":{"start":{"line":69,"column":20},"end":{"line":69,"column":29}},"loc":{"start":{"line":69,"column":29},"end":{"line":69,"column":null}},"line":69},"3":{"name":"(anonymous_3)","decl":{"start":{"line":70,"column":17},"end":{"line":70,"column":18}},"loc":{"start":{"line":70,"column":18},"end":{"line":122,"column":null}},"line":70},"4":{"name":"(anonymous_4)","decl":{"start":{"line":102,"column":33},"end":{"line":102,"column":39}},"loc":{"start":{"line":102,"column":39},"end":{"line":102,"column":null}},"line":102},"5":{"name":"(anonymous_5)","decl":{"start":{"line":112,"column":33},"end":{"line":112,"column":39}},"loc":{"start":{"line":112,"column":39},"end":{"line":112,"column":null}},"line":112}},"branchMap":{"0":{"loc":{"start":{"line":51,"column":23},"end":{"line":51,"column":null}},"type":"cond-expr","locations":[{"start":{"line":51,"column":47},"end":{"line":51,"column":59}},{"start":{"line":51,"column":59},"end":{"line":51,"column":null}}],"line":51},"1":{"loc":{"start":{"line":63,"column":9},"end":{"line":122,"column":null}},"type":"cond-expr","locations":[{"start":{"line":63,"column":50},"end":{"line":65,"column":25}},{"start":{"line":65,"column":12},"end":{"line":122,"column":null}}],"line":63},"2":{"loc":{"start":{"line":63,"column":9},"end":{"line":63,"column":null}},"type":"binary-expr","locations":[{"start":{"line":63,"column":9},"end":{"line":63,"column":26}},{"start":{"line":63,"column":26},"end":{"line":63,"column":null}}],"line":63},"3":{"loc":{"start":{"line":65,"column":12},"end":{"line":122,"column":null}},"type":"cond-expr","locations":[{"start":{"line":65,"column":36},"end":{"line":68,"column":null}},{"start":{"line":68,"column":10},"end":{"line":122,"column":null}}],"line":65},"4":{"loc":{"start":{"line":69,"column":29},"end":{"line":69,"column":null}},"type":"binary-expr","locations":[{"start":{"line":69,"column":29},"end":{"line":69,"column":54}},{"start":{"line":69,"column":54},"end":{"line":69,"column":null}}],"line":69}},"s":{"0":0,"1":0,"2":0,"3":0,"4":0,"5":0,"6":0,"7":0},"f":{"0":0,"1":0,"2":0,"3":0,"4":0,"5":0},"b":{"0":[0,0],"1":[0,0],"2":[0,0],"3":[0,0],"4":[0,0]},"meta":{"lastBranch":5,"lastFunction":6,"lastStatement":8,"seen":{"s:8:76:14:Infinity":0,"s:16:22:21:Infinity":1,"f:32:16:32:36":0,"b:51:47:51:59:51:59:51:Infinity":0,"f:52:23:52:29":1,"s:52:29:52:Infinity":2,"b:63:50:65:25:65:12:122:Infinity":1,"b:63:9:63:26:63:26:63:Infinity":2,"b:65:36:68:Infinity:68:10:122:Infinity":3,"f:69:20:69:29":2,"s:69:29:69:Infinity":3,"b:69:29:69:54:69:54:69:Infinity":4,"f:70:17:70:18":3,"s:71:38:71:65":4,"s:72:33:72:Infinity":5,"f:102:33:102:39":4,"s:102:39:102:Infinity":6,"f:112:33:112:39":5,"s:112:39:112:Infinity":7}}}
,"D:\\TrainingIA\\SistemaDePedidosRestaurante\\orders-producer-frontend\\src\\components\\EditOrderDialog.tsx": {"path":"D:\\TrainingIA\\SistemaDePedidosRestaurante\\orders-producer-frontend\\src\\components\\EditOrderDialog.tsx","statementMap":{"0":{"start":{"line":38,"column":39},"end":{"line":38,"column":null}},"1":{"start":{"line":39,"column":25},"end":{"line":39,"column":null}},"2":{"start":{"line":40,"column":25},"end":{"line":40,"column":null}},"3":{"start":{"line":41,"column":27},"end":{"line":41,"column":null}},"4":{"start":{"line":42,"column":25},"end":{"line":42,"column":null}},"5":{"start":{"line":45,"column":2},"end":{"line":51,"column":null}},"6":{"start":{"line":46,"column":4},"end":{"line":50,"column":null}},"7":{"start":{"line":47,"column":6},"end":{"line":47,"column":null}},"8":{"start":{"line":48,"column":6},"end":{"line":48,"column":null}},"9":{"start":{"line":49,"column":6},"end":{"line":49,"column":null}},"10":{"start":{"line":53,"column":31},"end":{"line":69,"column":null}},"11":{"start":{"line":54,"column":4},"end":{"line":68,"column":null}},"12":{"start":{"line":55,"column":23},"end":{"line":55,"column":null}},"13":{"start":{"line":56,"column":26},"end":{"line":56,"column":null}},"14":{"start":{"line":58,"column":6},"end":{"line":61,"column":null}},"15":{"start":{"line":60,"column":8},"end":{"line":60,"column":null}},"16":{"start":{"line":60,"column":41},"end":{"line":60,"column":null}},"17":{"start":{"line":63,"column":6},"end":{"line":66,"column":null}},"18":{"start":{"line":67,"column":6},"end":{"line":67,"column":null}},"19":{"start":{"line":71,"column":27},"end":{"line":73,"column":null}},"20":{"start":{"line":72,"column":4},"end":{"line":72,"column":null}},"21":{"start":{"line":72,"column":26},"end":{"line":72,"column":null}},"22":{"start":{"line":72,"column":53},"end":{"line":72,"column":null}},"23":{"start":{"line":75,"column":27},"end":{"line":84,"column":null}},"24":{"start":{"line":76,"column":4},"end":{"line":83,"column":null}},"25":{"start":{"line":77,"column":23},"end":{"line":77,"column":null}},"26":{"start":{"line":78,"column":6},"end":{"line":81,"column":null}},"27":{"start":{"line":82,"column":6},"end":{"line":82,"column":null}},"28":{"start":{"line":86,"column":27},"end":{"line":111,"column":null}},"29":{"start":{"line":87,"column":4},"end":{"line":110,"column":null}},"30":{"start":{"line":89,"column":28},"end":{"line":90,"column":null}},"31":{"start":{"line":90,"column":16},"end":{"line":90,"column":49}},"32":{"start":{"line":93,"column":6},"end":{"line":109,"column":null}},"33":{"start":{"line":95,"column":25},"end":{"line":95,"column":null}},"34":{"start":{"line":96,"column":8},"end":{"line":99,"column":null}},"35":{"start":{"line":100,"column":8},"end":{"line":100,"column":null}},"36":{"start":{"line":103,"column":8},"end":{"line":108,"column":null}},"37":{"start":{"line":113,"column":25},"end":{"line":115,"column":null}},"38":{"start":{"line":114,"column":4},"end":{"line":114,"column":null}},"39":{"start":{"line":114,"column":39},"end":{"line":114,"column":76}},"40":{"start":{"line":117,"column":21},"end":{"line":146,"column":null}},"41":{"start":{"line":118,"column":4},"end":{"line":118,"column":null}},"42":{"start":{"line":118,"column":38},"end":{"line":118,"column":null}},"43":{"start":{"line":121,"column":24},"end":{"line":121,"column":null}},"44":{"start":{"line":122,"column":4},"end":{"line":125,"column":null}},"45":{"start":{"line":123,"column":6},"end":{"line":123,"column":null}},"46":{"start":{"line":124,"column":6},"end":{"line":124,"column":null}},"47":{"start":{"line":127,"column":4},"end":{"line":127,"column":null}},"48":{"start":{"line":128,"column":4},"end":{"line":128,"column":null}},"49":{"start":{"line":129,"column":4},"end":{"line":145,"column":null}},"50":{"start":{"line":130,"column":22},"end":{"line":134,"column":null}},"51":{"start":{"line":136,"column":6},"end":{"line":140,"column":null}},"52":{"start":{"line":137,"column":8},"end":{"line":137,"column":null}},"53":{"start":{"line":139,"column":8},"end":{"line":139,"column":null}},"54":{"start":{"line":142,"column":6},"end":{"line":142,"column":null}},"55":{"start":{"line":144,"column":6},"end":{"line":144,"column":null}},"56":{"start":{"line":148,"column":22},"end":{"line":152,"column":null}},"57":{"start":{"line":149,"column":4},"end":{"line":151,"column":null}},"58":{"start":{"line":150,"column":6},"end":{"line":150,"column":null}},"59":{"start":{"line":154,"column":2},"end":{"line":154,"column":null}},"60":{"start":{"line":154,"column":14},"end":{"line":154,"column":null}},"61":{"start":{"line":156,"column":16},"end":{"line":156,"column":null}},"62":{"start":{"line":181,"column":33},"end":{"line":181,"column":null}},"63":{"start":{"line":191,"column":33},"end":{"line":191,"column":null}},"64":{"start":{"line":228,"column":43},"end":{"line":228,"column":null}},"65":{"start":{"line":239,"column":43},"end":{"line":239,"column":null}},"66":{"start":{"line":253,"column":39},"end":{"line":253,"column":null}},"67":{"start":{"line":268,"column":41},"end":{"line":268,"column":null}},"68":{"start":{"line":294,"column":37},"end":{"line":294,"column":null}},"69":{"start":{"line":294,"column":56},"end":{"line":294,"column":89}},"70":{"start":{"line":295,"column":33},"end":{"line":295,"column":null}},"71":{"start":{"line":321,"column":37},"end":{"line":321,"column":null}}},"fnMap":{"0":{"name":"EditOrderDialog","decl":{"start":{"line":37,"column":16},"end":{"line":37,"column":32}},"loc":{"start":{"line":37,"column":105},"end":{"line":353,"column":null}},"line":37},"1":{"name":"(anonymous_1)","decl":{"start":{"line":45,"column":12},"end":{"line":45,"column":null}},"loc":{"start":{"line":45,"column":12},"end":{"line":51,"column":5}},"line":45},"2":{"name":"(anonymous_2)","decl":{"start":{"line":53,"column":31},"end":{"line":53,"column":32}},"loc":{"start":{"line":53,"column":47},"end":{"line":69,"column":null}},"line":53},"3":{"name":"(anonymous_3)","decl":{"start":{"line":54,"column":13},"end":{"line":54,"column":null}},"loc":{"start":{"line":54,"column":13},"end":{"line":68,"column":null}},"line":54},"4":{"name":"(anonymous_4)","decl":{"start":{"line":60,"column":31},"end":{"line":60,"column":32}},"loc":{"start":{"line":60,"column":41},"end":{"line":60,"column":null}},"line":60},"5":{"name":"(anonymous_5)","decl":{"start":{"line":71,"column":27},"end":{"line":71,"column":28}},"loc":{"start":{"line":71,"column":28},"end":{"line":73,"column":null}},"line":71},"6":{"name":"(anonymous_6)","decl":{"start":{"line":72,"column":13},"end":{"line":72,"column":26}},"loc":{"start":{"line":72,"column":26},"end":{"line":72,"column":null}},"line":72},"7":{"name":"(anonymous_7)","decl":{"start":{"line":72,"column":43},"end":{"line":72,"column":44}},"loc":{"start":{"line":72,"column":53},"end":{"line":72,"column":null}},"line":72},"8":{"name":"(anonymous_8)","decl":{"start":{"line":75,"column":27},"end":{"line":75,"column":28}},"loc":{"start":{"line":75,"column":43},"end":{"line":84,"column":null}},"line":75},"9":{"name":"(anonymous_9)","decl":{"start":{"line":76,"column":13},"end":{"line":76,"column":null}},"loc":{"start":{"line":76,"column":13},"end":{"line":83,"column":null}},"line":76},"10":{"name":"(anonymous_10)","decl":{"start":{"line":86,"column":27},"end":{"line":86,"column":28}},"loc":{"start":{"line":86,"column":28},"end":{"line":111,"column":null}},"line":86},"11":{"name":"(anonymous_11)","decl":{"start":{"line":87,"column":13},"end":{"line":87,"column":null}},"loc":{"start":{"line":87,"column":13},"end":{"line":110,"column":null}},"line":87},"12":{"name":"(anonymous_12)","decl":{"start":{"line":90,"column":8},"end":{"line":90,"column":16}},"loc":{"start":{"line":90,"column":16},"end":{"line":90,"column":49}},"line":90},"13":{"name":"(anonymous_13)","decl":{"start":{"line":113,"column":25},"end":{"line":113,"column":null}},"loc":{"start":{"line":113,"column":25},"end":{"line":115,"column":null}},"line":113},"14":{"name":"(anonymous_14)","decl":{"start":{"line":114,"column":24},"end":{"line":114,"column":25}},"loc":{"start":{"line":114,"column":39},"end":{"line":114,"column":76}},"line":114},"15":{"name":"(anonymous_15)","decl":{"start":{"line":117,"column":21},"end":{"line":117,"column":null}},"loc":{"start":{"line":117,"column":21},"end":{"line":146,"column":null}},"line":117},"16":{"name":"(anonymous_16)","decl":{"start":{"line":148,"column":22},"end":{"line":148,"column":null}},"loc":{"start":{"line":148,"column":22},"end":{"line":152,"column":null}},"line":148},"17":{"name":"(anonymous_17)","decl":{"start":{"line":181,"column":26},"end":{"line":181,"column":27}},"loc":{"start":{"line":181,"column":33},"end":{"line":181,"column":null}},"line":181},"18":{"name":"(anonymous_18)","decl":{"start":{"line":191,"column":26},"end":{"line":191,"column":27}},"loc":{"start":{"line":191,"column":33},"end":{"line":191,"column":null}},"line":191},"19":{"name":"(anonymous_19)","decl":{"start":{"line":228,"column":37},"end":{"line":228,"column":43}},"loc":{"start":{"line":228,"column":43},"end":{"line":228,"column":null}},"line":228},"20":{"name":"(anonymous_20)","decl":{"start":{"line":239,"column":37},"end":{"line":239,"column":43}},"loc":{"start":{"line":239,"column":43},"end":{"line":239,"column":null}},"line":239},"21":{"name":"(anonymous_21)","decl":{"start":{"line":253,"column":33},"end":{"line":253,"column":39}},"loc":{"start":{"line":253,"column":39},"end":{"line":253,"column":null}},"line":253},"22":{"name":"(anonymous_22)","decl":{"start":{"line":268,"column":34},"end":{"line":268,"column":35}},"loc":{"start":{"line":268,"column":41},"end":{"line":268,"column":null}},"line":268},"23":{"name":"(anonymous_23)","decl":{"start":{"line":293,"column":37},"end":{"line":293,"column":38}},"loc":{"start":{"line":293,"column":38},"end":{"line":328,"column":null}},"line":293},"24":{"name":"(anonymous_24)","decl":{"start":{"line":294,"column":48},"end":{"line":294,"column":56}},"loc":{"start":{"line":294,"column":56},"end":{"line":294,"column":89}},"line":294},"25":{"name":"(anonymous_25)","decl":{"start":{"line":321,"column":31},"end":{"line":321,"column":37}},"loc":{"start":{"line":321,"column":37},"end":{"line":321,"column":null}},"line":321}},"branchMap":{"0":{"loc":{"start":{"line":46,"column":4},"end":{"line":50,"column":null}},"type":"if","locations":[{"start":{"line":46,"column":4},"end":{"line":50,"column":null}},{"start":{},"end":{}}],"line":46},"1":{"loc":{"start":{"line":47,"column":22},"end":{"line":47,"column":null}},"type":"binary-expr","locations":[{"start":{"line":47,"column":22},"end":{"line":47,"column":40}},{"start":{"line":47,"column":44},"end":{"line":47,"column":null}}],"line":47},"2":{"loc":{"start":{"line":48,"column":15},"end":{"line":48,"column":null}},"type":"binary-expr","locations":[{"start":{"line":48,"column":15},"end":{"line":48,"column":26}},{"start":{"line":48,"column":30},"end":{"line":48,"column":null}}],"line":48},"3":{"loc":{"start":{"line":49,"column":15},"end":{"line":49,"column":32}},"type":"binary-expr","locations":[{"start":{"line":49,"column":15},"end":{"line":49,"column":26}},{"start":{"line":49,"column":30},"end":{"line":49,"column":32}}],"line":49},"4":{"loc":{"start":{"line":58,"column":6},"end":{"line":61,"column":null}},"type":"if","locations":[{"start":{"line":58,"column":6},"end":{"line":61,"column":null}},{"start":{},"end":{}}],"line":58},"5":{"loc":{"start":{"line":80,"column":14},"end":{"line":80,"column":null}},"type":"binary-expr","locations":[{"start":{"line":80,"column":14},"end":{"line":80,"column":22}},{"start":{"line":80,"column":22},"end":{"line":80,"column":null}}],"line":80},"6":{"loc":{"start":{"line":93,"column":6},"end":{"line":109,"column":null}},"type":"if","locations":[{"start":{"line":93,"column":6},"end":{"line":109,"column":null}},{"start":{"line":101,"column":13},"end":{"line":109,"column":null}}],"line":93},"7":{"loc":{"start":{"line":118,"column":4},"end":{"line":118,"column":null}},"type":"if","locations":[{"start":{"line":118,"column":4},"end":{"line":118,"column":null}},{"start":{},"end":{}}],"line":118},"8":{"loc":{"start":{"line":118,"column":8},"end":{"line":118,"column":38}},"type":"binary-expr","locations":[{"start":{"line":118,"column":8},"end":{"line":118,"column":18}},{"start":{"line":118,"column":18},"end":{"line":118,"column":38}}],"line":118},"9":{"loc":{"start":{"line":122,"column":4},"end":{"line":125,"column":null}},"type":"if","locations":[{"start":{"line":122,"column":4},"end":{"line":125,"column":null}},{"start":{},"end":{}}],"line":122},"10":{"loc":{"start":{"line":136,"column":6},"end":{"line":140,"column":null}},"type":"if","locations":[{"start":{"line":136,"column":6},"end":{"line":140,"column":null}},{"start":{"line":138,"column":13},"end":{"line":140,"column":null}}],"line":136},"11":{"loc":{"start":{"line":142,"column":15},"end":{"line":142,"column":null}},"type":"cond-expr","locations":[{"start":{"line":142,"column":38},"end":{"line":142,"column":49}},{"start":{"line":142,"column":52},"end":{"line":142,"column":null}}],"line":142},"12":{"loc":{"start":{"line":149,"column":4},"end":{"line":151,"column":null}},"type":"if","locations":[{"start":{"line":149,"column":4},"end":{"line":151,"column":null}},{"start":{},"end":{}}],"line":149},"13":{"loc":{"start":{"line":154,"column":2},"end":{"line":154,"column":null}},"type":"if","locations":[{"start":{"line":154,"column":2},"end":{"line":154,"column":null}},{"start":{},"end":{}}],"line":154},"14":{"loc":{"start":{"line":202,"column":36},"end":{"line":202,"column":null}},"type":"cond-expr","locations":[{"start":{"line":202,"column":57},"end":{"line":202,"column":63}},{"start":{"line":202,"column":63},"end":{"line":202,"column":null}}],"line":202},"15":{"loc":{"start":{"line":267,"column":31},"end":{"line":267,"column":null}},"type":"binary-expr","locations":[{"start":{"line":267,"column":31},"end":{"line":267,"column":40}},{"start":{"line":267,"column":44},"end":{"line":267,"column":null}}],"line":267},"16":{"loc":{"start":{"line":295,"column":33},"end":{"line":295,"column":null}},"type":"binary-expr","locations":[{"start":{"line":295,"column":33},"end":{"line":295,"column":59}},{"start":{"line":295,"column":59},"end":{"line":295,"column":null}}],"line":295},"17":{"loc":{"start":{"line":344,"column":22},"end":{"line":344,"column":null}},"type":"binary-expr","locations":[{"start":{"line":344,"column":22},"end":{"line":344,"column":32}},{"start":{"line":344,"column":32},"end":{"line":344,"column":null}}],"line":344},"18":{"loc":{"start":{"line":347,"column":13},"end":{"line":347,"column":null}},"type":"cond-expr","locations":[{"start":{"line":347,"column":22},"end":{"line":347,"column":36}},{"start":{"line":347,"column":36},"end":{"line":347,"column":null}}],"line":347}},"s":{"0":0,"1":0,"2":0,"3":0,"4":0,"5":0,"6":0,"7":0,"8":0,"9":0,"10":0,"11":0,"12":0,"13":0,"14":0,"15":0,"16":0,"17":0,"18":0,"19":0,"20":0,"21":0,"22":0,"23":0,"24":0,"25":0,"26":0,"27":0,"28":0,"29":0,"30":0,"31":0,"32":0,"33":0,"34":0,"35":0,"36":0,"37":0,"38":0,"39":0,"40":0,"41":0,"42":0,"43":0,"44":0,"45":0,"46":0,"47":0,"48":0,"49":0,"50":0,"51":0,"52":0,"53":0,"54":0,"55":0,"56":0,"57":0,"58":0,"59":0,"60":0,"61":0,"62":0,"63":0,"64":0,"65":0,"66":0,"67":0,"68":0,"69":0,"70":0,"71":0},"f":{"0":0,"1":0,"2":0,"3":0,"4":0,"5":0,"6":0,"7":0,"8":0,"9":0,"10":0,"11":0,"12":0,"13":0,"14":0,"15":0,"16":0,"17":0,"18":0,"19":0,"20":0,"21":0,"22":0,"23":0,"24":0,"25":0},"b":{"0":[0,0],"1":[0,0],"2":[0,0],"3":[0,0],"4":[0,0],"5":[0,0],"6":[0,0],"7":[0,0],"8":[0,0],"9":[0,0],"10":[0,0],"11":[0,0],"12":[0,0],"13":[0,0],"14":[0,0],"15":[0,0],"16":[0,0],"17":[0,0],"18":[0,0]},"meta":{"lastBranch":19,"lastFunction":26,"lastStatement":72,"seen":{"f:37:16:37:32":0,"s:38:39:38:Infinity":0,"s:39:25:39:Infinity":1,"s:40:25:40:Infinity":2,"s:41:27:41:Infinity":3,"s:42:25:42:Infinity":4,"s:45:2:51:Infinity":5,"f:45:12:45:Infinity":1,"b:46:4:50:Infinity:undefined:undefined:undefined:undefined":0,"s:46:4:50:Infinity":6,"s:47:6:47:Infinity":7,"b:47:22:47:40:47:44:47:Infinity":1,"s:48:6:48:Infinity":8,"b:48:15:48:26:48:30:48:Infinity":2,"s:49:6:49:Infinity":9,"b:49:15:49:26:49:30:49:32":3,"s:53:31:69:Infinity":10,"f:53:31:53:32":2,"s:54:4:68:Infinity":11,"f:54:13:54:Infinity":3,"s:55:23:55:Infinity":12,"s:56:26:56:Infinity":13,"b:58:6:61:Infinity:undefined:undefined:undefined:undefined":4,"s:58:6:61:Infinity":14,"s:60:8:60:Infinity":15,"f:60:31:60:32":4,"s:60:41:60:Infinity":16,"s:63:6:66:Infinity":17,"s:67:6:67:Infinity":18,"s:71:27:73:Infinity":19,"f:71:27:71:28":5,"s:72:4:72:Infinity":20,"f:72:13:72:26":6,"s:72:26:72:Infinity":21,"f:72:43:72:44":7,"s:72:53:72:Infinity":22,"s:75:27:84:Infinity":23,"f:75:27:75:28":8,"s:76:4:83:Infinity":24,"f:76:13:76:Infinity":9,"s:77:23:77:Infinity":25,"s:78:6:81:Infinity":26,"b:80:14:80:22:80:22:80:Infinity":5,"s:82:6:82:Infinity":27,"s:86:27:111:Infinity":28,"f:86:27:86:28":10,"s:87:4:110:Infinity":29,"f:87:13:87:Infinity":11,"s:89:28:90:Infinity":30,"f:90:8:90:16":12,"s:90:16:90:49":31,"b:93:6:109:Infinity:101:13:109:Infinity":6,"s:93:6:109:Infinity":32,"s:95:25:95:Infinity":33,"s:96:8:99:Infinity":34,"s:100:8:100:Infinity":35,"s:103:8:108:Infinity":36,"s:113:25:115:Infinity":37,"f:113:25:113:Infinity":13,"s:114:4:114:Infinity":38,"f:114:24:114:25":14,"s:114:39:114:76":39,"s:117:21:146:Infinity":40,"f:117:21:117:Infinity":15,"b:118:4:118:Infinity:undefined:undefined:undefined:undefined":7,"s:118:4:118:Infinity":41,"b:118:8:118:18:118:18:118:38":8,"s:118:38:118:Infinity":42,"s:121:24:121:Infinity":43,"b:122:4:125:Infinity:undefined:undefined:undefined:undefined":9,"s:122:4:125:Infinity":44,"s:123:6:123:Infinity":45,"s:124:6:124:Infinity":46,"s:127:4:127:Infinity":47,"s:128:4:128:Infinity":48,"s:129:4:145:Infinity":49,"s:130:22:134:Infinity":50,"b:136:6:140:Infinity:138:13:140:Infinity":10,"s:136:6:140:Infinity":51,"s:137:8:137:Infinity":52,"s:139:8:139:Infinity":53,"s:142:6:142:Infinity":54,"b:142:38:142:49:142:52:142:Infinity":11,"s:144:6:144:Infinity":55,"s:148:22:152:Infinity":56,"f:148:22:148:Infinity":16,"b:149:4:151:Infinity:undefined:undefined:undefined:undefined":12,"s:149:4:151:Infinity":57,"s:150:6:150:Infinity":58,"b:154:2:154:Infinity:undefined:undefined:undefined:undefined":13,"s:154:2:154:Infinity":59,"s:154:14:154:Infinity":60,"s:156:16:156:Infinity":61,"f:181:26:181:27":17,"s:181:33:181:Infinity":62,"f:191:26:191:27":18,"s:191:33:191:Infinity":63,"b:202:57:202:63:202:63:202:Infinity":14,"f:228:37:228:43":19,"s:228:43:228:Infinity":64,"f:239:37:239:43":20,"s:239:43:239:Infinity":65,"f:253:33:253:39":21,"s:253:39:253:Infinity":66,"b:267:31:267:40:267:44:267:Infinity":15,"f:268:34:268:35":22,"s:268:41:268:Infinity":67,"f:293:37:293:38":23,"s:294:37:294:Infinity":68,"f:294:48:294:56":24,"s:294:56:294:89":69,"s:295:33:295:Infinity":70,"b:295:33:295:59:295:59:295:Infinity":16,"f:321:31:321:37":25,"s:321:37:321:Infinity":71,"b:344:22:344:32:344:32:344:Infinity":17,"b:347:22:347:36:347:36:347:Infinity":18}}}
,"D:\\TrainingIA\\SistemaDePedidosRestaurante\\orders-producer-frontend\\src\\components\\KitchenHeader.tsx": {"path":"D:\\TrainingIA\\SistemaDePedidosRestaurante\\orders-producer-frontend\\src\\components\\KitchenHeader.tsx","statementMap":{},"fnMap":{"0":{"name":"KitchenHeader","decl":{"start":{"line":11,"column":16},"end":{"line":11,"column":30}},"loc":{"start":{"line":16,"column":45},"end":{"line":59,"column":null}},"line":16}},"branchMap":{"0":{"loc":{"start":{"line":11,"column":32},"end":{"line":16,"column":2}},"type":"default-arg","locations":[{"start":{"line":11,"column":46},"end":{"line":16,"column":2}}],"line":11}},"s":{},"f":{"0":0},"b":{"0":[0]},"meta":{"lastBranch":1,"lastFunction":1,"lastStatement":0,"seen":{"f:11:16:11:30":0,"b:11:46:16:2":0}}}
,"D:\\TrainingIA\\SistemaDePedidosRestaurante\\orders-producer-frontend\\src\\components\\KitchenOrderCard.tsx": {"path":"D:\\TrainingIA\\SistemaDePedidosRestaurante\\orders-producer-frontend\\src\\components\\KitchenOrderCard.tsx","statementMap":{"0":{"start":{"line":38,"column":21},"end":{"line":44,"column":null}},"1":{"start":{"line":47,"column":17},"end":{"line":47,"column":43}},"2":{"start":{"line":48,"column":8},"end":{"line":48,"column":null}},"3":{"start":{"line":51,"column":2},"end":{"line":55,"column":null}},"4":{"start":{"line":52,"column":4},"end":{"line":54,"column":null}},"5":{"start":{"line":53,"column":6},"end":{"line":53,"column":null}},"6":{"start":{"line":128,"column":27},"end":{"line":128,"column":null}},"7":{"start":{"line":139,"column":27},"end":{"line":139,"column":null}},"8":{"start":{"line":150,"column":27},"end":{"line":150,"column":null}}},"fnMap":{"0":{"name":"KitchenOrderCard","decl":{"start":{"line":46,"column":16},"end":{"line":46,"column":33}},"loc":{"start":{"line":46,"column":108},"end":{"line":168,"column":null}},"line":46},"1":{"name":"(anonymous_1)","decl":{"start":{"line":51,"column":12},"end":{"line":51,"column":null}},"loc":{"start":{"line":51,"column":12},"end":{"line":55,"column":5}},"line":51},"2":{"name":"(anonymous_2)","decl":{"start":{"line":128,"column":21},"end":{"line":128,"column":27}},"loc":{"start":{"line":128,"column":27},"end":{"line":128,"column":null}},"line":128},"3":{"name":"(anonymous_3)","decl":{"start":{"line":139,"column":21},"end":{"line":139,"column":27}},"loc":{"start":{"line":139,"column":27},"end":{"line":139,"column":null}},"line":139},"4":{"name":"(anonymous_4)","decl":{"start":{"line":150,"column":21},"end":{"line":150,"column":27}},"loc":{"start":{"line":150,"column":27},"end":{"line":150,"column":null}},"line":150}},"branchMap":{"0":{"loc":{"start":{"line":52,"column":4},"end":{"line":54,"column":null}},"type":"if","locations":[{"start":{"line":52,"column":4},"end":{"line":54,"column":null}},{"start":{},"end":{}}],"line":52},"1":{"loc":{"start":{"line":52,"column":8},"end":{"line":52,"column":58}},"type":"binary-expr","locations":[{"start":{"line":52,"column":8},"end":{"line":52,"column":41}},{"start":{"line":52,"column":41},"end":{"line":52,"column":58}}],"line":52},"2":{"loc":{"start":{"line":82,"column":12},"end":{"line":82,"column":null}},"type":"cond-expr","locations":[{"start":{"line":82,"column":32},"end":{"line":82,"column":64}},{"start":{"line":82,"column":64},"end":{"line":82,"column":null}}],"line":82},"3":{"loc":{"start":{"line":86,"column":13},"end":{"line":86,"column":null}},"type":"binary-expr","locations":[{"start":{"line":86,"column":13},"end":{"line":86,"column":30}},{"start":{"line":86,"column":34},"end":{"line":86,"column":null}}],"line":86}},"s":{"0":0,"1":0,"2":0,"3":0,"4":0,"5":0,"6":0,"7":0,"8":0},"f":{"0":0,"1":0,"2":0,"3":0,"4":0},"b":{"0":[0,0],"1":[0,0],"2":[0,0],"3":[0,0]},"meta":{"lastBranch":4,"lastFunction":5,"lastStatement":9,"seen":{"s:38:21:44:Infinity":0,"f:46:16:46:33":0,"s:47:17:47:43":1,"s:48:8:48:Infinity":2,"s:51:2:55:Infinity":3,"f:51:12:51:Infinity":1,"b:52:4:54:Infinity:undefined:undefined:undefined:undefined":0,"s:52:4:54:Infinity":4,"b:52:8:52:41:52:41:52:58":1,"s:53:6:53:Infinity":5,"b:82:32:82:64:82:64:82:Infinity":2,"b:86:13:86:30:86:34:86:Infinity":3,"f:128:21:128:27":2,"s:128:27:128:Infinity":6,"f:139:21:139:27":3,"s:139:27:139:Infinity":7,"f:150:21:150:27":4,"s:150:27:150:Infinity":8}}}
,"D:\\TrainingIA\\SistemaDePedidosRestaurante\\orders-producer-frontend\\src\\components\\KitchenTabs.tsx": {"path":"D:\\TrainingIA\\SistemaDePedidosRestaurante\\orders-producer-frontend\\src\\components\\KitchenTabs.tsx","statementMap":{"0":{"start":{"line":12,"column":24},"end":{"line":12,"column":null}},"1":{"start":{"line":22,"column":29},"end":{"line":22,"column":null}}},"fnMap":{"0":{"name":"KitchenTabs","decl":{"start":{"line":14,"column":16},"end":{"line":14,"column":28}},"loc":{"start":{"line":14,"column":80},"end":{"line":51,"column":null}},"line":14},"1":{"name":"(anonymous_1)","decl":{"start":{"line":22,"column":23},"end":{"line":22,"column":29}},"loc":{"start":{"line":22,"column":29},"end":{"line":22,"column":null}},"line":22}},"branchMap":{"0":{"loc":{"start":{"line":25,"column":16},"end":{"line":27,"column":null}},"type":"cond-expr","locations":[{"start":{"line":26,"column":20},"end":{"line":26,"column":null}},{"start":{"line":27,"column":20},"end":{"line":27,"column":null}}],"line":25},"1":{"loc":{"start":{"line":33,"column":27},"end":{"line":33,"column":null}},"type":"cond-expr","locations":[{"start":{"line":33,"column":47},"end":{"line":33,"column":59}},{"start":{"line":33,"column":59},"end":{"line":33,"column":null}}],"line":33},"2":{"loc":{"start":{"line":35,"column":20},"end":{"line":35,"column":null}},"type":"binary-expr","locations":[{"start":{"line":35,"column":20},"end":{"line":35,"column":41}},{"start":{"line":35,"column":41},"end":{"line":35,"column":null}}],"line":35}},"s":{"0":1,"1":5},"f":{"0":14,"1":5},"b":{"0":[14,70],"1":[14,70],"2":[84,14]},"meta":{"lastBranch":3,"lastFunction":2,"lastStatement":2,"seen":{"s:12:24:12:Infinity":0,"f:14:16:14:28":0,"f:22:23:22:29":1,"s:22:29:22:Infinity":1,"b:26:20:26:Infinity:27:20:27:Infinity":0,"b:33:47:33:59:33:59:33:Infinity":1,"b:35:20:35:41:35:41:35:Infinity":2}}}
,"D:\\TrainingIA\\SistemaDePedidosRestaurante\\orders-producer-frontend\\src\\components\\OrderReadyNotification.tsx": {"path":"D:\\TrainingIA\\SistemaDePedidosRestaurante\\orders-producer-frontend\\src\\components\\OrderReadyNotification.tsx","statementMap":{"0":{"start":{"line":22,"column":33},"end":{"line":22,"column":null}},"1":{"start":{"line":25,"column":2},"end":{"line":32,"column":null}},"2":{"start":{"line":26,"column":4},"end":{"line":31,"column":null}},"3":{"start":{"line":28,"column":20},"end":{"line":28,"column":null}},"4":{"start":{"line":29,"column":6},"end":{"line":29,"column":null}},"5":{"start":{"line":30,"column":6},"end":{"line":30,"column":null}},"6":{"start":{"line":30,"column":32},"end":{"line":30,"column":null}},"7":{"start":{"line":35,"column":2},"end":{"line":49,"column":null}},"8":{"start":{"line":36,"column":4},"end":{"line":36,"column":null}},"9":{"start":{"line":36,"column":15},"end":{"line":36,"column":null}},"10":{"start":{"line":38,"column":21},"end":{"line":46,"column":null}},"11":{"start":{"line":39,"column":6},"end":{"line":45,"column":null}},"12":{"start":{"line":40,"column":8},"end":{"line":43,"column":null}},"13":{"start":{"line":41,"column":10},"end":{"line":41,"column":null}},"14":{"start":{"line":42,"column":10},"end":{"line":42,"column":null}},"15":{"start":{"line":44,"column":8},"end":{"line":44,"column":null}},"16":{"start":{"line":48,"column":4},"end":{"line":48,"column":null}},"17":{"start":{"line":48,"column":17},"end":{"line":48,"column":null}},"18":{"start":{"line":51,"column":2},"end":{"line":51,"column":null}},"19":{"start":{"line":51,"column":14},"end":{"line":51,"column":null}},"20":{"start":{"line":92,"column":29},"end":{"line":92,"column":null}}},"fnMap":{"0":{"name":"OrderReadyNotification","decl":{"start":{"line":15,"column":16},"end":{"line":15,"column":39}},"loc":{"start":{"line":21,"column":30},"end":{"line":117,"column":null}},"line":21},"1":{"name":"(anonymous_1)","decl":{"start":{"line":25,"column":12},"end":{"line":25,"column":null}},"loc":{"start":{"line":25,"column":12},"end":{"line":32,"column":5}},"line":25},"2":{"name":"(anonymous_2)","decl":{"start":{"line":30,"column":25},"end":{"line":30,"column":32}},"loc":{"start":{"line":30,"column":32},"end":{"line":30,"column":null}},"line":30},"3":{"name":"(anonymous_3)","decl":{"start":{"line":35,"column":12},"end":{"line":35,"column":null}},"loc":{"start":{"line":35,"column":12},"end":{"line":49,"column":5}},"line":35},"4":{"name":"(anonymous_4)","decl":{"start":{"line":38,"column":33},"end":{"line":38,"column":null}},"loc":{"start":{"line":38,"column":33},"end":{"line":46,"column":7}},"line":38},"5":{"name":"(anonymous_5)","decl":{"start":{"line":39,"column":19},"end":{"line":39,"column":null}},"loc":{"start":{"line":39,"column":19},"end":{"line":45,"column":null}},"line":39},"6":{"name":"(anonymous_6)","decl":{"start":{"line":48,"column":11},"end":{"line":48,"column":17}},"loc":{"start":{"line":48,"column":17},"end":{"line":48,"column":null}},"line":48},"7":{"name":"(anonymous_7)","decl":{"start":{"line":92,"column":23},"end":{"line":92,"column":29}},"loc":{"start":{"line":92,"column":29},"end":{"line":92,"column":null}},"line":92}},"branchMap":{"0":{"loc":{"start":{"line":26,"column":4},"end":{"line":31,"column":null}},"type":"if","locations":[{"start":{"line":26,"column":4},"end":{"line":31,"column":null}},{"start":{},"end":{}}],"line":26},"1":{"loc":{"start":{"line":26,"column":8},"end":{"line":26,"column":23}},"type":"binary-expr","locations":[{"start":{"line":26,"column":8},"end":{"line":26,"column":16}},{"start":{"line":26,"column":16},"end":{"line":26,"column":23}}],"line":26},"2":{"loc":{"start":{"line":36,"column":4},"end":{"line":36,"column":null}},"type":"if","locations":[{"start":{"line":36,"column":4},"end":{"line":36,"column":null}},{"start":{},"end":{}}],"line":36},"3":{"loc":{"start":{"line":40,"column":8},"end":{"line":43,"column":null}},"type":"if","locations":[{"start":{"line":40,"column":8},"end":{"line":43,"column":null}},{"start":{},"end":{}}],"line":40},"4":{"loc":{"start":{"line":51,"column":2},"end":{"line":51,"column":null}},"type":"if","locations":[{"start":{"line":51,"column":2},"end":{"line":51,"column":null}},{"start":{},"end":{}}],"line":51}},"s":{"0":0,"1":0,"2":0,"3":0,"4":0,"5":0,"6":0,"7":0,"8":0,"9":0,"10":0,"11":0,"12":0,"13":0,"14":0,"15":0,"16":0,"17":0,"18":0,"19":0,"20":0},"f":{"0":0,"1":0,"2":0,"3":0,"4":0,"5":0,"6":0,"7":0},"b":{"0":[0,0],"1":[0,0],"2":[0,0],"3":[0,0],"4":[0,0]},"meta":{"lastBranch":5,"lastFunction":8,"lastStatement":21,"seen":{"f:15:16:15:39":0,"s:22:33:22:Infinity":0,"s:25:2:32:Infinity":1,"f:25:12:25:Infinity":1,"b:26:4:31:Infinity:undefined:undefined:undefined:undefined":0,"s:26:4:31:Infinity":2,"b:26:8:26:16:26:16:26:23":1,"s:28:20:28:Infinity":3,"s:29:6:29:Infinity":4,"s:30:6:30:Infinity":5,"f:30:25:30:32":2,"s:30:32:30:Infinity":6,"s:35:2:49:Infinity":7,"f:35:12:35:Infinity":3,"b:36:4:36:Infinity:undefined:undefined:undefined:undefined":2,"s:36:4:36:Infinity":8,"s:36:15:36:Infinity":9,"s:38:21:46:Infinity":10,"f:38:33:38:Infinity":4,"s:39:6:45:Infinity":11,"f:39:19:39:Infinity":5,"b:40:8:43:Infinity:undefined:undefined:undefined:undefined":3,"s:40:8:43:Infinity":12,"s:41:10:41:Infinity":13,"s:42:10:42:Infinity":14,"s:44:8:44:Infinity":15,"s:48:4:48:Infinity":16,"f:48:11:48:17":6,"s:48:17:48:Infinity":17,"b:51:2:51:Infinity:undefined:undefined:undefined:undefined":4,"s:51:2:51:Infinity":18,"s:51:14:51:Infinity":19,"f:92:23:92:29":7,"s:92:29:92:Infinity":20}}}
,"D:\\TrainingIA\\SistemaDePedidosRestaurante\\orders-producer-frontend\\src\\components\\OrderSidebar.tsx": {"path":"D:\\TrainingIA\\SistemaDePedidosRestaurante\\orders-producer-frontend\\src\\components\\OrderSidebar.tsx","statementMap":{"0":{"start":{"line":30,"column":39},"end":{"line":30,"column":null}},"1":{"start":{"line":31,"column":41},"end":{"line":31,"column":null}},"2":{"start":{"line":32,"column":33},"end":{"line":32,"column":null}},"3":{"start":{"line":34,"column":23},"end":{"line":39,"column":null}},"4":{"start":{"line":35,"column":4},"end":{"line":35,"column":null}},"5":{"start":{"line":35,"column":51},"end":{"line":35,"column":null}},"6":{"start":{"line":36,"column":4},"end":{"line":36,"column":null}},"7":{"start":{"line":37,"column":4},"end":{"line":37,"column":null}},"8":{"start":{"line":38,"column":4},"end":{"line":38,"column":null}},"9":{"start":{"line":41,"column":19},"end":{"line":41,"column":null}},"10":{"start":{"line":42,"column":14},"end":{"line":42,"column":null}},"11":{"start":{"line":43,"column":22},"end":{"line":43,"column":null}},"12":{"start":{"line":65,"column":31},"end":{"line":65,"column":null}},"13":{"start":{"line":78,"column":31},"end":{"line":78,"column":null}},"14":{"start":{"line":85,"column":31},"end":{"line":85,"column":null}},"15":{"start":{"line":134,"column":37},"end":{"line":134,"column":null}},"16":{"start":{"line":145,"column":37},"end":{"line":145,"column":null}},"17":{"start":{"line":155,"column":37},"end":{"line":155,"column":null}},"18":{"start":{"line":165,"column":37},"end":{"line":165,"column":null}}},"fnMap":{"0":{"name":"OrderSidebar","decl":{"start":{"line":22,"column":24},"end":{"line":22,"column":37}},"loc":{"start":{"line":29,"column":20},"end":{"line":213,"column":null}},"line":29},"1":{"name":"(anonymous_1)","decl":{"start":{"line":34,"column":23},"end":{"line":34,"column":null}},"loc":{"start":{"line":34,"column":23},"end":{"line":39,"column":null}},"line":34},"2":{"name":"(anonymous_2)","decl":{"start":{"line":65,"column":24},"end":{"line":65,"column":25}},"loc":{"start":{"line":65,"column":31},"end":{"line":65,"column":null}},"line":65},"3":{"name":"(anonymous_3)","decl":{"start":{"line":78,"column":25},"end":{"line":78,"column":31}},"loc":{"start":{"line":78,"column":31},"end":{"line":78,"column":null}},"line":78},"4":{"name":"(anonymous_4)","decl":{"start":{"line":85,"column":25},"end":{"line":85,"column":31}},"loc":{"start":{"line":85,"column":31},"end":{"line":85,"column":null}},"line":85},"5":{"name":"(anonymous_5)","decl":{"start":{"line":134,"column":31},"end":{"line":134,"column":37}},"loc":{"start":{"line":134,"column":37},"end":{"line":134,"column":null}},"line":134},"6":{"name":"(anonymous_6)","decl":{"start":{"line":145,"column":31},"end":{"line":145,"column":37}},"loc":{"start":{"line":145,"column":37},"end":{"line":145,"column":null}},"line":145},"7":{"name":"(anonymous_7)","decl":{"start":{"line":155,"column":31},"end":{"line":155,"column":37}},"loc":{"start":{"line":155,"column":37},"end":{"line":155,"column":null}},"line":155},"8":{"name":"(anonymous_8)","decl":{"start":{"line":165,"column":30},"end":{"line":165,"column":31}},"loc":{"start":{"line":165,"column":37},"end":{"line":165,"column":null}},"line":165}},"branchMap":{"0":{"loc":{"start":{"line":35,"column":4},"end":{"line":35,"column":null}},"type":"if","locations":[{"start":{"line":35,"column":4},"end":{"line":35,"column":null}},{"start":{},"end":{}}],"line":35},"1":{"loc":{"start":{"line":35,"column":8},"end":{"line":35,"column":51}},"type":"binary-expr","locations":[{"start":{"line":35,"column":8},"end":{"line":35,"column":26}},{"start":{"line":35,"column":26},"end":{"line":35,"column":51}}],"line":35},"2":{"loc":{"start":{"line":36,"column":17},"end":{"line":36,"column":46}},"type":"binary-expr","locations":[{"start":{"line":36,"column":17},"end":{"line":36,"column":34}},{"start":{"line":36,"column":34},"end":{"line":36,"column":46}}],"line":36},"3":{"loc":{"start":{"line":77,"column":25},"end":{"line":77,"column":null}},"type":"cond-expr","locations":[{"start":{"line":77,"column":51},"end":{"line":77,"column":63}},{"start":{"line":77,"column":63},"end":{"line":77,"column":null}}],"line":77},"4":{"loc":{"start":{"line":84,"column":25},"end":{"line":84,"column":null}},"type":"cond-expr","locations":[{"start":{"line":84,"column":52},"end":{"line":84,"column":64}},{"start":{"line":84,"column":64},"end":{"line":84,"column":null}}],"line":84},"5":{"loc":{"start":{"line":164,"column":27},"end":{"line":164,"column":null}},"type":"binary-expr","locations":[{"start":{"line":164,"column":27},"end":{"line":164,"column":36}},{"start":{"line":164,"column":40},"end":{"line":164,"column":null}}],"line":164},"6":{"loc":{"start":{"line":204,"column":20},"end":{"line":204,"column":null}},"type":"binary-expr","locations":[{"start":{"line":204,"column":20},"end":{"line":204,"column":49}},{"start":{"line":204,"column":49},"end":{"line":204,"column":76}},{"start":{"line":204,"column":76},"end":{"line":204,"column":95}},{"start":{"line":204,"column":95},"end":{"line":204,"column":null}}],"line":204}},"s":{"0":0,"1":0,"2":0,"3":0,"4":0,"5":0,"6":0,"7":0,"8":0,"9":0,"10":0,"11":0,"12":0,"13":0,"14":0,"15":0,"16":0,"17":0,"18":0},"f":{"0":0,"1":0,"2":0,"3":0,"4":0,"5":0,"6":0,"7":0,"8":0},"b":{"0":[0,0],"1":[0,0],"2":[0,0],"3":[0,0],"4":[0,0],"5":[0,0],"6":[0,0,0,0]},"meta":{"lastBranch":7,"lastFunction":9,"lastStatement":19,"seen":{"f:22:24:22:37":0,"s:30:39:30:Infinity":0,"s:31:41:31:Infinity":1,"s:32:33:32:Infinity":2,"s:34:23:39:Infinity":3,"f:34:23:34:Infinity":1,"b:35:4:35:Infinity:undefined:undefined:undefined:undefined":0,"s:35:4:35:Infinity":4,"b:35:8:35:26:35:26:35:51":1,"s:35:51:35:Infinity":5,"s:36:4:36:Infinity":6,"b:36:17:36:34:36:34:36:46":2,"s:37:4:37:Infinity":7,"s:38:4:38:Infinity":8,"s:41:19:41:Infinity":9,"s:42:14:42:Infinity":10,"s:43:22:43:Infinity":11,"f:65:24:65:25":2,"s:65:31:65:Infinity":12,"b:77:51:77:63:77:63:77:Infinity":3,"f:78:25:78:31":3,"s:78:31:78:Infinity":13,"b:84:52:84:64:84:64:84:Infinity":4,"f:85:25:85:31":4,"s:85:31:85:Infinity":14,"f:134:31:134:37":5,"s:134:37:134:Infinity":15,"f:145:31:145:37":6,"s:145:37:145:Infinity":16,"f:155:31:155:37":7,"s:155:37:155:Infinity":17,"b:164:27:164:36:164:40:164:Infinity":5,"f:165:30:165:31":8,"s:165:37:165:Infinity":18,"b:204:20:204:49:204:49:204:76:204:76:204:95:204:95:204:Infinity":6}}}
,"D:\\TrainingIA\\SistemaDePedidosRestaurante\\orders-producer-frontend\\src\\components\\ProductCard.tsx": {"path":"D:\\TrainingIA\\SistemaDePedidosRestaurante\\orders-producer-frontend\\src\\components\\ProductCard.tsx","statementMap":{"0":{"start":{"line":46,"column":27},"end":{"line":46,"column":null}}},"fnMap":{"0":{"name":"ProductCard","decl":{"start":{"line":14,"column":24},"end":{"line":14,"column":36}},"loc":{"start":{"line":14,"column":86},"end":{"line":56,"column":null}},"line":14},"1":{"name":"(anonymous_1)","decl":{"start":{"line":46,"column":21},"end":{"line":46,"column":27}},"loc":{"start":{"line":46,"column":27},"end":{"line":46,"column":null}},"line":46}},"branchMap":{"0":{"loc":{"start":{"line":14,"column":54},"end":{"line":14,"column":66}},"type":"default-arg","locations":[{"start":{"line":14,"column":65},"end":{"line":14,"column":66}}],"line":14}},"s":{"0":4},"f":{"0":13,"1":4},"b":{"0":[13]},"meta":{"lastBranch":1,"lastFunction":2,"lastStatement":1,"seen":{"f:14:24:14:36":0,"b:14:65:14:66":0,"f:46:21:46:27":1,"s:46:27:46:Infinity":0}}}
,"D:\\TrainingIA\\SistemaDePedidosRestaurante\\orders-producer-frontend\\src\\components\\Sidebar.tsx": {"path":"D:\\TrainingIA\\SistemaDePedidosRestaurante\\orders-producer-frontend\\src\\components\\Sidebar.tsx","statementMap":{"0":{"start":{"line":12,"column":13},"end":{"line":17,"column":null}},"1":{"start":{"line":19,"column":26},"end":{"line":77,"column":null}},"2":{"start":{"line":20,"column":8},"end":{"line":20,"column":null}},"3":{"start":{"line":21,"column":8},"end":{"line":21,"column":null}},"4":{"start":{"line":22,"column":24},"end":{"line":22,"column":null}},"5":{"start":{"line":24,"column":23},"end":{"line":27,"column":null}},"6":{"start":{"line":25,"column":4},"end":{"line":25,"column":null}},"7":{"start":{"line":26,"column":4},"end":{"line":26,"column":null}}},"fnMap":{"0":{"name":"(anonymous_0)","decl":{"start":{"line":19,"column":26},"end":{"line":19,"column":null}},"loc":{"start":{"line":19,"column":26},"end":{"line":77,"column":null}},"line":19},"1":{"name":"(anonymous_1)","decl":{"start":{"line":24,"column":23},"end":{"line":24,"column":null}},"loc":{"start":{"line":24,"column":23},"end":{"line":27,"column":null}},"line":24}},"branchMap":{"0":{"loc":{"start":{"line":41,"column":132},"end":{"line":41,"column":192}},"type":"cond-expr","locations":[{"start":{"line":41,"column":172},"end":{"line":41,"column":188}},{"start":{"line":41,"column":188},"end":{"line":41,"column":192}}],"line":41},"1":{"loc":{"start":{"line":58,"column":72},"end":{"line":58,"column":null}},"type":"binary-expr","locations":[{"start":{"line":58,"column":72},"end":{"line":58,"column":81}},{"start":{"line":58,"column":85},"end":{"line":58,"column":null}}],"line":58}},"s":{"0":1,"1":1,"2":13,"3":13,"4":13,"5":13,"6":1,"7":1},"f":{"0":13,"1":1},"b":{"0":[13,39],"1":[12,1]},"meta":{"lastBranch":2,"lastFunction":2,"lastStatement":8,"seen":{"s:12:13:17:Infinity":0,"s:19:26:77:Infinity":1,"f:19:26:19:Infinity":0,"s:20:8:20:Infinity":2,"s:21:8:21:Infinity":3,"s:22:24:22:Infinity":4,"s:24:23:27:Infinity":5,"f:24:23:24:Infinity":1,"s:25:4:25:Infinity":6,"s:26:4:26:Infinity":7,"b:41:172:41:188:41:188:41:192":0,"b:58:72:58:81:58:85:58:Infinity":1}}}
,"D:\\TrainingIA\\SistemaDePedidosRestaurante\\orders-producer-frontend\\src\\components\\ViewOrderDialog.tsx": {"path":"D:\\TrainingIA\\SistemaDePedidosRestaurante\\orders-producer-frontend\\src\\components\\ViewOrderDialog.tsx","statementMap":{"0":{"start":{"line":11,"column":22},"end":{"line":16,"column":null}},"1":{"start":{"line":19,"column":2},"end":{"line":19,"column":null}},"2":{"start":{"line":19,"column":14},"end":{"line":19,"column":null}},"3":{"start":{"line":21,"column":26},"end":{"line":21,"column":53}},"4":{"start":{"line":99,"column":41},"end":{"line":99,"column":77}}},"fnMap":{"0":{"name":"ViewOrderDialog","decl":{"start":{"line":18,"column":16},"end":{"line":18,"column":32}},"loc":{"start":{"line":18,"column":78},"end":{"line":108,"column":null}},"line":18},"1":{"name":"(anonymous_1)","decl":{"start":{"line":99,"column":26},"end":{"line":99,"column":27}},"loc":{"start":{"line":99,"column":41},"end":{"line":99,"column":77}},"line":99}},"branchMap":{"0":{"loc":{"start":{"line":19,"column":2},"end":{"line":19,"column":null}},"type":"if","locations":[{"start":{"line":19,"column":2},"end":{"line":19,"column":null}},{"start":{},"end":{}}],"line":19}},"s":{"0":0,"1":0,"2":0,"3":0,"4":0},"f":{"0":0,"1":0},"b":{"0":[0,0]},"meta":{"lastBranch":1,"lastFunction":2,"lastStatement":5,"seen":{"s:11:22:16:Infinity":0,"f:18:16:18:32":0,"b:19:2:19:Infinity:undefined:undefined:undefined:undefined":0,"s:19:2:19:Infinity":1,"s:19:14:19:Infinity":2,"s:21:26:21:53":3,"f:99:26:99:27":1,"s:99:41:99:77":4}}}
,"D:\\TrainingIA\\SistemaDePedidosRestaurante\\orders-producer-frontend\\src\\components\\WaiterHeader.tsx": {"path":"D:\\TrainingIA\\SistemaDePedidosRestaurante\\orders-producer-frontend\\src\\components\\WaiterHeader.tsx","statementMap":{},"fnMap":{"0":{"name":"WaiterHeader","decl":{"start":{"line":11,"column":16},"end":{"line":11,"column":29}},"loc":{"start":{"line":16,"column":44},"end":{"line":59,"column":null}},"line":16}},"branchMap":{"0":{"loc":{"start":{"line":11,"column":31},"end":{"line":16,"column":2}},"type":"default-arg","locations":[{"start":{"line":11,"column":45},"end":{"line":16,"column":2}}],"line":11}},"s":{},"f":{"0":0},"b":{"0":[0]},"meta":{"lastBranch":1,"lastFunction":1,"lastStatement":0,"seen":{"f:11:16:11:29":0,"b:11:45:16:2":0}}}
,"D:\\TrainingIA\\SistemaDePedidosRestaurante\\orders-producer-frontend\\src\\components\\ui\\alert.tsx": {"path":"D:\\TrainingIA\\SistemaDePedidosRestaurante\\orders-producer-frontend\\src\\components\\ui\\alert.tsx","statementMap":{"0":{"start":{"line":6,"column":6},"end":{"line":19,"column":null}}},"fnMap":{"0":{"name":"Alert","decl":{"start":{"line":22,"column":9},"end":{"line":22,"column":15}},"loc":{"start":{"line":26,"column":67},"end":{"line":35,"column":null}},"line":26},"1":{"name":"AlertTitle","decl":{"start":{"line":37,"column":9},"end":{"line":37,"column":20}},"loc":{"start":{"line":37,"column":72},"end":{"line":48,"column":null}},"line":37},"2":{"name":"AlertDescription","decl":{"start":{"line":50,"column":9},"end":{"line":50,"column":26}},"loc":{"start":{"line":53,"column":30},"end":{"line":64,"column":null}},"line":53}},"branchMap":{},"s":{"0":0},"f":{"0":0,"1":0,"2":0},"b":{},"meta":{"lastBranch":0,"lastFunction":3,"lastStatement":1,"seen":{"s:6:6:19:Infinity":0,"f:22:9:22:15":0,"f:37:9:37:20":1,"f:50:9:50:26":2}}}
,"D:\\TrainingIA\\SistemaDePedidosRestaurante\\orders-producer-frontend\\src\\components\\ui\\badge.tsx": {"path":"D:\\TrainingIA\\SistemaDePedidosRestaurante\\orders-producer-frontend\\src\\components\\ui\\badge.tsx","statementMap":{"0":{"start":{"line":7,"column":6},"end":{"line":25,"column":null}},"1":{"start":{"line":35,"column":15},"end":{"line":35,"column":null}}},"fnMap":{"0":{"name":"Badge","decl":{"start":{"line":28,"column":9},"end":{"line":28,"column":15}},"loc":{"start":{"line":34,"column":60},"end":{"line":44,"column":null}},"line":34}},"branchMap":{"0":{"loc":{"start":{"line":31,"column":2},"end":{"line":31,"column":17}},"type":"default-arg","locations":[{"start":{"line":31,"column":12},"end":{"line":31,"column":17}}],"line":31},"1":{"loc":{"start":{"line":35,"column":15},"end":{"line":35,"column":null}},"type":"cond-expr","locations":[{"start":{"line":35,"column":25},"end":{"line":35,"column":32}},{"start":{"line":35,"column":32},"end":{"line":35,"column":null}}],"line":35}},"s":{"0":1,"1":84},"f":{"0":84},"b":{"0":[84],"1":[0,84]},"meta":{"lastBranch":2,"lastFunction":1,"lastStatement":2,"seen":{"s:7:6:25:Infinity":0,"f:28:9:28:15":0,"b:31:12:31:17":0,"s:35:15:35:Infinity":1,"b:35:25:35:32:35:32:35:Infinity":1}}}
,"D:\\TrainingIA\\SistemaDePedidosRestaurante\\orders-producer-frontend\\src\\components\\ui\\button.tsx": {"path":"D:\\TrainingIA\\SistemaDePedidosRestaurante\\orders-producer-frontend\\src\\components\\ui\\button.tsx","statementMap":{"0":{"start":{"line":7,"column":6},"end":{"line":36,"column":null}},"1":{"start":{"line":49,"column":15},"end":{"line":49,"column":null}}},"fnMap":{"0":{"name":"Button","decl":{"start":{"line":39,"column":9},"end":{"line":39,"column":16}},"loc":{"start":{"line":48,"column":3},"end":{"line":58,"column":null}},"line":48}},"branchMap":{"0":{"loc":{"start":{"line":43,"column":2},"end":{"line":43,"column":17}},"type":"default-arg","locations":[{"start":{"line":43,"column":12},"end":{"line":43,"column":17}}],"line":43},"1":{"loc":{"start":{"line":49,"column":15},"end":{"line":49,"column":null}},"type":"cond-expr","locations":[{"start":{"line":49,"column":25},"end":{"line":49,"column":32}},{"start":{"line":49,"column":32},"end":{"line":49,"column":null}}],"line":49}},"s":{"0":1,"1":13},"f":{"0":13},"b":{"0":[13],"1":[0,13]},"meta":{"lastBranch":2,"lastFunction":1,"lastStatement":2,"seen":{"s:7:6:36:Infinity":0,"f:39:9:39:16":0,"b:43:12:43:17":0,"s:49:15:49:Infinity":1,"b:49:25:49:32:49:32:49:Infinity":1}}}
,"D:\\TrainingIA\\SistemaDePedidosRestaurante\\orders-producer-frontend\\src\\components\\ui\\card.tsx": {"path":"D:\\TrainingIA\\SistemaDePedidosRestaurante\\orders-producer-frontend\\src\\components\\ui\\card.tsx","statementMap":{},"fnMap":{"0":{"name":"Card","decl":{"start":{"line":5,"column":9},"end":{"line":5,"column":14}},"loc":{"start":{"line":5,"column":66},"end":{"line":16,"column":null}},"line":5},"1":{"name":"CardHeader","decl":{"start":{"line":18,"column":9},"end":{"line":18,"column":20}},"loc":{"start":{"line":18,"column":72},"end":{"line":29,"column":null}},"line":18},"2":{"name":"CardTitle","decl":{"start":{"line":31,"column":9},"end":{"line":31,"column":19}},"loc":{"start":{"line":31,"column":71},"end":{"line":39,"column":null}},"line":31},"3":{"name":"CardDescription","decl":{"start":{"line":41,"column":9},"end":{"line":41,"column":25}},"loc":{"start":{"line":41,"column":77},"end":{"line":49,"column":null}},"line":41},"4":{"name":"CardAction","decl":{"start":{"line":51,"column":9},"end":{"line":51,"column":20}},"loc":{"start":{"line":51,"column":72},"end":{"line":62,"column":null}},"line":51},"5":{"name":"CardContent","decl":{"start":{"line":64,"column":9},"end":{"line":64,"column":21}},"loc":{"start":{"line":64,"column":73},"end":{"line":72,"column":null}},"line":64},"6":{"name":"CardFooter","decl":{"start":{"line":74,"column":9},"end":{"line":74,"column":20}},"loc":{"start":{"line":74,"column":72},"end":{"line":82,"column":null}},"line":74}},"branchMap":{},"s":{},"f":{"0":13,"1":0,"2":0,"3":0,"4":0,"5":0,"6":0},"b":{},"meta":{"lastBranch":0,"lastFunction":7,"lastStatement":0,"seen":{"f:5:9:5:14":0,"f:18:9:18:20":1,"f:31:9:31:19":2,"f:41:9:41:25":3,"f:51:9:51:20":4,"f:64:9:64:21":5,"f:74:9:74:20":6}}}
,"D:\\TrainingIA\\SistemaDePedidosRestaurante\\orders-producer-frontend\\src\\components\\ui\\dialog.tsx": {"path":"D:\\TrainingIA\\SistemaDePedidosRestaurante\\orders-producer-frontend\\src\\components\\ui\\dialog.tsx","statementMap":{},"fnMap":{"0":{"name":"Dialog","decl":{"start":{"line":7,"column":9},"end":{"line":7,"column":16}},"loc":{"start":{"line":9,"column":52},"end":{"line":11,"column":null}},"line":9},"1":{"name":"DialogTrigger","decl":{"start":{"line":13,"column":9},"end":{"line":13,"column":23}},"loc":{"start":{"line":15,"column":55},"end":{"line":17,"column":null}},"line":15},"2":{"name":"DialogPortal","decl":{"start":{"line":19,"column":9},"end":{"line":19,"column":22}},"loc":{"start":{"line":21,"column":54},"end":{"line":23,"column":null}},"line":21},"3":{"name":"DialogClose","decl":{"start":{"line":25,"column":9},"end":{"line":25,"column":21}},"loc":{"start":{"line":27,"column":53},"end":{"line":29,"column":null}},"line":27},"4":{"name":"DialogOverlay","decl":{"start":{"line":31,"column":9},"end":{"line":31,"column":23}},"loc":{"start":{"line":34,"column":55},"end":{"line":45,"column":null}},"line":34},"5":{"name":"DialogContent","decl":{"start":{"line":47,"column":9},"end":{"line":47,"column":23}},"loc":{"start":{"line":54,"column":1},"end":{"line":79,"column":null}},"line":54},"6":{"name":"DialogHeader","decl":{"start":{"line":81,"column":9},"end":{"line":81,"column":22}},"loc":{"start":{"line":81,"column":74},"end":{"line":89,"column":null}},"line":81},"7":{"name":"DialogFooter","decl":{"start":{"line":91,"column":9},"end":{"line":91,"column":22}},"loc":{"start":{"line":91,"column":74},"end":{"line":102,"column":null}},"line":91},"8":{"name":"DialogTitle","decl":{"start":{"line":104,"column":9},"end":{"line":104,"column":21}},"loc":{"start":{"line":107,"column":53},"end":{"line":115,"column":null}},"line":107},"9":{"name":"DialogDescription","decl":{"start":{"line":117,"column":9},"end":{"line":117,"column":27}},"loc":{"start":{"line":120,"column":59},"end":{"line":128,"column":null}},"line":120}},"branchMap":{"0":{"loc":{"start":{"line":50,"column":2},"end":{"line":50,"column":24}},"type":"default-arg","locations":[{"start":{"line":50,"column":20},"end":{"line":50,"column":24}}],"line":50}},"s":{},"f":{"0":0,"1":0,"2":0,"3":0,"4":0,"5":0,"6":0,"7":0,"8":0,"9":0},"b":{"0":[0]},"meta":{"lastBranch":1,"lastFunction":10,"lastStatement":0,"seen":{"f:7:9:7:16":0,"f:13:9:13:23":1,"f:19:9:19:22":2,"f:25:9:25:21":3,"f:31:9:31:23":4,"f:47:9:47:23":5,"b:50:20:50:24":0,"f:81:9:81:22":6,"f:91:9:91:22":7,"f:104:9:104:21":8,"f:117:9:117:27":9}}}
,"D:\\TrainingIA\\SistemaDePedidosRestaurante\\orders-producer-frontend\\src\\components\\ui\\input.tsx": {"path":"D:\\TrainingIA\\SistemaDePedidosRestaurante\\orders-producer-frontend\\src\\components\\ui\\input.tsx","statementMap":{},"fnMap":{"0":{"name":"Input","decl":{"start":{"line":5,"column":9},"end":{"line":5,"column":15}},"loc":{"start":{"line":5,"column":75},"end":{"line":19,"column":null}},"line":5}},"branchMap":{},"s":{},"f":{"0":0},"b":{},"meta":{"lastBranch":0,"lastFunction":1,"lastStatement":0,"seen":{"f:5:9:5:15":0}}}
,"D:\\TrainingIA\\SistemaDePedidosRestaurante\\orders-producer-frontend\\src\\components\\ui\\label.tsx": {"path":"D:\\TrainingIA\\SistemaDePedidosRestaurante\\orders-producer-frontend\\src\\components\\ui\\label.tsx","statementMap":{},"fnMap":{"0":{"name":"Label","decl":{"start":{"line":6,"column":9},"end":{"line":6,"column":15}},"loc":{"start":{"line":9,"column":51},"end":{"line":20,"column":null}},"line":9}},"branchMap":{},"s":{},"f":{"0":0},"b":{},"meta":{"lastBranch":0,"lastFunction":1,"lastStatement":0,"seen":{"f:6:9:6:15":0}}}
,"D:\\TrainingIA\\SistemaDePedidosRestaurante\\orders-producer-frontend\\src\\components\\ui\\select.tsx": {"path":"D:\\TrainingIA\\SistemaDePedidosRestaurante\\orders-producer-frontend\\src\\components\\ui\\select.tsx","statementMap":{"0":{"start":{"line":1,"column":0},"end":{"line":1,"column":null}}},"fnMap":{"0":{"name":"Select","decl":{"start":{"line":9,"column":9},"end":{"line":9,"column":16}},"loc":{"start":{"line":11,"column":52},"end":{"line":13,"column":null}},"line":11},"1":{"name":"SelectGroup","decl":{"start":{"line":15,"column":9},"end":{"line":15,"column":21}},"loc":{"start":{"line":17,"column":53},"end":{"line":19,"column":null}},"line":17},"2":{"name":"SelectValue","decl":{"start":{"line":21,"column":9},"end":{"line":21,"column":21}},"loc":{"start":{"line":23,"column":53},"end":{"line":25,"column":null}},"line":23},"3":{"name":"SelectTrigger","decl":{"start":{"line":27,"column":9},"end":{"line":27,"column":23}},"loc":{"start":{"line":34,"column":1},"end":{"line":51,"column":null}},"line":34},"4":{"name":"SelectContent","decl":{"start":{"line":53,"column":9},"end":{"line":53,"column":23}},"loc":{"start":{"line":59,"column":55},"end":{"line":88,"column":null}},"line":59},"5":{"name":"SelectLabel","decl":{"start":{"line":90,"column":9},"end":{"line":90,"column":21}},"loc":{"start":{"line":93,"column":53},"end":{"line":101,"column":null}},"line":93},"6":{"name":"SelectItem","decl":{"start":{"line":103,"column":9},"end":{"line":103,"column":20}},"loc":{"start":{"line":107,"column":52},"end":{"line":125,"column":null}},"line":107},"7":{"name":"SelectSeparator","decl":{"start":{"line":127,"column":9},"end":{"line":127,"column":25}},"loc":{"start":{"line":130,"column":57},"end":{"line":138,"column":null}},"line":130},"8":{"name":"SelectScrollUpButton","decl":{"start":{"line":140,"column":9},"end":{"line":140,"column":30}},"loc":{"start":{"line":143,"column":62},"end":{"line":156,"column":null}},"line":143},"9":{"name":"SelectScrollDownButton","decl":{"start":{"line":158,"column":9},"end":{"line":158,"column":32}},"loc":{"start":{"line":161,"column":64},"end":{"line":174,"column":null}},"line":161}},"branchMap":{"0":{"loc":{"start":{"line":29,"column":2},"end":{"line":29,"column":18}},"type":"default-arg","locations":[{"start":{"line":29,"column":9},"end":{"line":29,"column":18}}],"line":29},"1":{"loc":{"start":{"line":56,"column":2},"end":{"line":56,"column":21}},"type":"default-arg","locations":[{"start":{"line":56,"column":13},"end":{"line":56,"column":21}}],"line":56},"2":{"loc":{"start":{"line":57,"column":2},"end":{"line":57,"column":18}},"type":"default-arg","locations":[{"start":{"line":57,"column":10},"end":{"line":57,"column":18}}],"line":57},"3":{"loc":{"start":{"line":66,"column":10},"end":{"line":67,"column":null}},"type":"binary-expr","locations":[{"start":{"line":66,"column":10},"end":{"line":66,"column":null}},{"start":{"line":67,"column":12},"end":{"line":67,"column":null}}],"line":66},"4":{"loc":{"start":{"line":78,"column":12},"end":{"line":79,"column":null}},"type":"binary-expr","locations":[{"start":{"line":78,"column":12},"end":{"line":78,"column":null}},{"start":{"line":79,"column":14},"end":{"line":79,"column":null}}],"line":78}},"s":{"0":0},"f":{"0":0,"1":0,"2":0,"3":0,"4":0,"5":0,"6":0,"7":0,"8":0,"9":0},"b":{"0":[0],"1":[0],"2":[0],"3":[0,0],"4":[0,0]},"meta":{"lastBranch":5,"lastFunction":10,"lastStatement":1,"seen":{"s:1:0:1:Infinity":0,"f:9:9:9:16":0,"f:15:9:15:21":1,"f:21:9:21:21":2,"f:27:9:27:23":3,"b:29:9:29:18":0,"f:53:9:53:23":4,"b:56:13:56:21":1,"b:57:10:57:18":2,"b:66:10:66:Infinity:67:12:67:Infinity":3,"b:78:12:78:Infinity:79:14:79:Infinity":4,"f:90:9:90:21":5,"f:103:9:103:20":6,"f:127:9:127:25":7,"f:140:9:140:30":8,"f:158:9:158:32":9}}}
,"D:\\TrainingIA\\SistemaDePedidosRestaurante\\orders-producer-frontend\\src\\components\\ui\\textarea.tsx": {"path":"D:\\TrainingIA\\SistemaDePedidosRestaurante\\orders-producer-frontend\\src\\components\\ui\\textarea.tsx","statementMap":{},"fnMap":{"0":{"name":"Textarea","decl":{"start":{"line":5,"column":9},"end":{"line":5,"column":18}},"loc":{"start":{"line":5,"column":75},"end":{"line":16,"column":null}},"line":5}},"branchMap":{},"s":{},"f":{"0":0},"b":{},"meta":{"lastBranch":0,"lastFunction":1,"lastStatement":0,"seen":{"f:5:9:5:18":0}}}
,"D:\\TrainingIA\\SistemaDePedidosRestaurante\\orders-producer-frontend\\src\\config\\adminApi.ts": {"path":"D:\\TrainingIA\\SistemaDePedidosRestaurante\\orders-producer-frontend\\src\\config\\adminApi.ts","statementMap":{"0":{"start":{"line":1,"column":30},"end":{"line":1,"column":null}},"1":{"start":{"line":3,"column":31},"end":{"line":13,"column":null}},"2":{"start":{"line":6,"column":24},"end":{"line":6,"column":65}},"3":{"start":{"line":7,"column":29},"end":{"line":7,"column":75}},"4":{"start":{"line":9,"column":27},"end":{"line":9,"column":71}},"5":{"start":{"line":10,"column":34},"end":{"line":10,"column":85}}},"fnMap":{"0":{"name":"(anonymous_0)","decl":{"start":{"line":6,"column":8},"end":{"line":6,"column":9}},"loc":{"start":{"line":6,"column":24},"end":{"line":6,"column":65}},"line":6},"1":{"name":"(anonymous_1)","decl":{"start":{"line":7,"column":13},"end":{"line":7,"column":14}},"loc":{"start":{"line":7,"column":29},"end":{"line":7,"column":75}},"line":7},"2":{"name":"(anonymous_2)","decl":{"start":{"line":9,"column":11},"end":{"line":9,"column":12}},"loc":{"start":{"line":9,"column":27},"end":{"line":9,"column":71}},"line":9},"3":{"name":"(anonymous_3)","decl":{"start":{"line":10,"column":18},"end":{"line":10,"column":19}},"loc":{"start":{"line":10,"column":34},"end":{"line":10,"column":85}},"line":10}},"branchMap":{"0":{"loc":{"start":{"line":1,"column":30},"end":{"line":1,"column":null}},"type":"binary-expr","locations":[{"start":{"line":1,"column":30},"end":{"line":1,"column":null}},{"start":{"line":1,"column":94},"end":{"line":1,"column":null}}],"line":1}},"s":{"0":3,"1":3,"2":2,"3":2,"4":2,"5":0},"f":{"0":2,"1":2,"2":2,"3":0},"b":{"0":[3,3]},"meta":{"lastBranch":1,"lastFunction":4,"lastStatement":6,"seen":{"s:1:30:1:Infinity":0,"b:1:30:1:Infinity:1:94:1:Infinity":0,"s:3:31:13:Infinity":1,"f:6:8:6:9":0,"s:6:24:6:65":2,"f:7:13:7:14":1,"s:7:29:7:75":3,"f:9:11:9:12":2,"s:9:27:9:71":4,"f:10:18:10:19":3,"s:10:34:10:85":5}}}
,"D:\\TrainingIA\\SistemaDePedidosRestaurante\\orders-producer-frontend\\src\\config\\api.ts": {"path":"D:\\TrainingIA\\SistemaDePedidosRestaurante\\orders-producer-frontend\\src\\config\\api.ts","statementMap":{"0":{"start":{"line":2,"column":28},"end":{"line":2,"column":null}},"1":{"start":{"line":5,"column":29},"end":{"line":14,"column":null}},"2":{"start":{"line":8,"column":29},"end":{"line":8,"column":63}},"3":{"start":{"line":12,"column":32},"end":{"line":12,"column":74}},"4":{"start":{"line":13,"column":39},"end":{"line":13,"column":null}}},"fnMap":{"0":{"name":"(anonymous_0)","decl":{"start":{"line":8,"column":13},"end":{"line":8,"column":14}},"loc":{"start":{"line":8,"column":29},"end":{"line":8,"column":63}},"line":8},"1":{"name":"(anonymous_1)","decl":{"start":{"line":12,"column":16},"end":{"line":12,"column":17}},"loc":{"start":{"line":12,"column":32},"end":{"line":12,"column":74}},"line":12},"2":{"name":"(anonymous_2)","decl":{"start":{"line":13,"column":23},"end":{"line":13,"column":24}},"loc":{"start":{"line":13,"column":39},"end":{"line":13,"column":null}},"line":13}},"branchMap":{"0":{"loc":{"start":{"line":2,"column":28},"end":{"line":2,"column":null}},"type":"binary-expr","locations":[{"start":{"line":2,"column":28},"end":{"line":2,"column":64}},{"start":{"line":2,"column":68},"end":{"line":2,"column":null}}],"line":2}},"s":{"0":2,"1":2,"2":3,"3":0,"4":0},"f":{"0":3,"1":0,"2":0},"b":{"0":[2,2]},"meta":{"lastBranch":1,"lastFunction":3,"lastStatement":5,"seen":{"s:2:28:2:Infinity":0,"b:2:28:2:64:2:68:2:Infinity":0,"s:5:29:14:Infinity":1,"f:8:13:8:14":0,"s:8:29:8:63":2,"f:12:16:12:17":1,"s:12:32:12:74":3,"f:13:23:13:24":2,"s:13:39:13:Infinity":4}}}
,"D:\\TrainingIA\\SistemaDePedidosRestaurante\\orders-producer-frontend\\src\\hooks\\useActiveOrders.ts": {"path":"D:\\TrainingIA\\SistemaDePedidosRestaurante\\orders-producer-frontend\\src\\hooks\\useActiveOrders.ts","statementMap":{"0":{"start":{"line":26,"column":21},"end":{"line":37,"column":null}},"1":{"start":{"line":27,"column":2},"end":{"line":36,"column":null}},"2":{"start":{"line":29,"column":6},"end":{"line":29,"column":null}},"3":{"start":{"line":31,"column":6},"end":{"line":31,"column":null}},"4":{"start":{"line":33,"column":6},"end":{"line":33,"column":null}},"5":{"start":{"line":35,"column":6},"end":{"line":35,"column":null}},"6":{"start":{"line":40,"column":29},"end":{"line":53,"column":null}},"7":{"start":{"line":41,"column":2},"end":{"line":52,"column":null}},"8":{"start":{"line":42,"column":20},"end":{"line":42,"column":null}},"9":{"start":{"line":43,"column":16},"end":{"line":43,"column":null}},"10":{"start":{"line":44,"column":19},"end":{"line":44,"column":null}},"11":{"start":{"line":45,"column":21},"end":{"line":45,"column":null}},"12":{"start":{"line":47,"column":4},"end":{"line":47,"column":null}},"13":{"start":{"line":47,"column":22},"end":{"line":47,"column":null}},"14":{"start":{"line":48,"column":4},"end":{"line":48,"column":null}},"15":{"start":{"line":48,"column":24},"end":{"line":48,"column":null}},"16":{"start":{"line":49,"column":4},"end":{"line":49,"column":null}},"17":{"start":{"line":51,"column":4},"end":{"line":51,"column":null}},"18":{"start":{"line":56,"column":33},"end":{"line":68,"column":null}},"19":{"start":{"line":57,"column":2},"end":{"line":67,"column":null}},"20":{"start":{"line":64,"column":49},"end":{"line":64,"column":68}},"21":{"start":{"line":70,"column":31},"end":{"line":147,"column":null}},"22":{"start":{"line":71,"column":39},"end":{"line":71,"column":null}},"23":{"start":{"line":72,"column":29},"end":{"line":72,"column":null}},"24":{"start":{"line":73,"column":25},"end":{"line":73,"column":null}},"25":{"start":{"line":77,"column":36},"end":{"line":77,"column":null}},"26":{"start":{"line":79,"column":8},"end":{"line":117,"column":null}},"27":{"start":{"line":80,"column":4},"end":{"line":80,"column":48}},"28":{"start":{"line":81,"column":4},"end":{"line":81,"column":34}},"29":{"start":{"line":82,"column":4},"end":{"line":116,"column":null}},"30":{"start":{"line":83,"column":6},"end":{"line":83,"column":null}},"31":{"start":{"line":84,"column":6},"end":{"line":84,"column":null}},"32":{"start":{"line":86,"column":23},"end":{"line":86,"column":null}},"33":{"start":{"line":88,"column":6},"end":{"line":110,"column":null}},"34":{"start":{"line":89,"column":23},"end":{"line":89,"column":null}},"35":{"start":{"line":92,"column":23},"end":{"line":107,"column":null}},"36":{"start":{"line":96,"column":70},"end":{"line":101,"column":null}},"37":{"start":{"line":102,"column":33},"end":{"line":102,"column":84}},"38":{"start":{"line":103,"column":12},"end":{"line":103,"column":null}},"39":{"start":{"line":103,"column":36},"end":{"line":103,"column":null}},"40":{"start":{"line":106,"column":12},"end":{"line":106,"column":null}},"41":{"start":{"line":109,"column":8},"end":{"line":109,"column":null}},"42":{"start":{"line":112,"column":6},"end":{"line":112,"column":null}},"43":{"start":{"line":113,"column":6},"end":{"line":113,"column":null}},"44":{"start":{"line":115,"column":6},"end":{"line":115,"column":null}},"45":{"start":{"line":120,"column":2},"end":{"line":122,"column":null}},"46":{"start":{"line":121,"column":4},"end":{"line":121,"column":null}},"47":{"start":{"line":126,"column":2},"end":{"line":137,"column":null}},"48":{"start":{"line":127,"column":21},"end":{"line":134,"column":null}},"49":{"start":{"line":128,"column":6},"end":{"line":132,"column":null}},"50":{"start":{"line":129,"column":8},"end":{"line":132,"column":null}},"51":{"start":{"line":129,"column":33},"end":{"line":132,"column":null}},"52":{"start":{"line":136,"column":4},"end":{"line":136,"column":null}},"53":{"start":{"line":136,"column":17},"end":{"line":136,"column":null}},"54":{"start":{"line":139,"column":2},"end":{"line":146,"column":null}}},"fnMap":{"0":{"name":"(anonymous_0)","decl":{"start":{"line":26,"column":21},"end":{"line":26,"column":22}},"loc":{"start":{"line":26,"column":22},"end":{"line":37,"column":null}},"line":26},"1":{"name":"(anonymous_1)","decl":{"start":{"line":40,"column":29},"end":{"line":40,"column":30}},"loc":{"start":{"line":40,"column":30},"end":{"line":53,"column":null}},"line":40},"2":{"name":"(anonymous_2)","decl":{"start":{"line":56,"column":33},"end":{"line":56,"column":34}},"loc":{"start":{"line":56,"column":34},"end":{"line":68,"column":null}},"line":56},"3":{"name":"(anonymous_3)","decl":{"start":{"line":64,"column":34},"end":{"line":64,"column":35}},"loc":{"start":{"line":64,"column":49},"end":{"line":64,"column":68}},"line":64},"4":{"name":"(anonymous_4)","decl":{"start":{"line":70,"column":31},"end":{"line":70,"column":null}},"loc":{"start":{"line":70,"column":31},"end":{"line":147,"column":null}},"line":70},"5":{"name":"(anonymous_5)","decl":{"start":{"line":79,"column":40},"end":{"line":79,"column":null}},"loc":{"start":{"line":79,"column":40},"end":{"line":117,"column":5}},"line":79},"6":{"name":"(anonymous_6)","decl":{"start":{"line":94,"column":16},"end":{"line":94,"column":17}},"loc":{"start":{"line":94,"column":20},"end":{"line":107,"column":null}},"line":94},"7":{"name":"(anonymous_7)","decl":{"start":{"line":120,"column":12},"end":{"line":120,"column":null}},"loc":{"start":{"line":120,"column":12},"end":{"line":122,"column":5}},"line":120},"8":{"name":"(anonymous_8)","decl":{"start":{"line":126,"column":12},"end":{"line":126,"column":null}},"loc":{"start":{"line":126,"column":12},"end":{"line":137,"column":5}},"line":126},"9":{"name":"(anonymous_9)","decl":{"start":{"line":127,"column":33},"end":{"line":127,"column":null}},"loc":{"start":{"line":127,"column":33},"end":{"line":134,"column":7}},"line":127},"10":{"name":"(anonymous_10)","decl":{"start":{"line":128,"column":22},"end":{"line":128,"column":null}},"loc":{"start":{"line":129,"column":8},"end":{"line":132,"column":null}},"line":129},"11":{"name":"(anonymous_11)","decl":{"start":{"line":129,"column":23},"end":{"line":129,"column":33}},"loc":{"start":{"line":129,"column":33},"end":{"line":132,"column":null}},"line":129},"12":{"name":"(anonymous_12)","decl":{"start":{"line":136,"column":11},"end":{"line":136,"column":17}},"loc":{"start":{"line":136,"column":17},"end":{"line":136,"column":null}},"line":136}},"branchMap":{"0":{"loc":{"start":{"line":27,"column":2},"end":{"line":36,"column":null}},"type":"switch","locations":[{"start":{"line":28,"column":4},"end":{"line":29,"column":null}},{"start":{"line":30,"column":4},"end":{"line":31,"column":null}},{"start":{"line":32,"column":4},"end":{"line":33,"column":null}},{"start":{"line":34,"column":4},"end":{"line":35,"column":null}}],"line":27},"1":{"loc":{"start":{"line":47,"column":4},"end":{"line":47,"column":null}},"type":"if","locations":[{"start":{"line":47,"column":4},"end":{"line":47,"column":null}},{"start":{},"end":{}}],"line":47},"2":{"loc":{"start":{"line":48,"column":4},"end":{"line":48,"column":null}},"type":"if","locations":[{"start":{"line":48,"column":4},"end":{"line":48,"column":null}},{"start":{},"end":{}}],"line":48},"3":{"loc":{"start":{"line":88,"column":6},"end":{"line":110,"column":null}},"type":"if","locations":[{"start":{"line":88,"column":6},"end":{"line":110,"column":null}},{"start":{},"end":{}}],"line":88},"4":{"loc":{"start":{"line":88,"column":10},"end":{"line":88,"column":43}},"type":"binary-expr","locations":[{"start":{"line":88,"column":10},"end":{"line":88,"column":26}},{"start":{"line":88,"column":30},"end":{"line":88,"column":43}}],"line":88},"5":{"loc":{"start":{"line":89,"column":23},"end":{"line":89,"column":null}},"type":"cond-expr","locations":[{"start":{"line":89,"column":54},"end":{"line":89,"column":67}},{"start":{"line":89,"column":70},"end":{"line":89,"column":null}}],"line":89},"6":{"loc":{"start":{"line":103,"column":12},"end":{"line":103,"column":null}},"type":"if","locations":[{"start":{"line":103,"column":12},"end":{"line":103,"column":null}},{"start":{},"end":{}}],"line":103},"7":{"loc":{"start":{"line":113,"column":15},"end":{"line":113,"column":null}},"type":"cond-expr","locations":[{"start":{"line":113,"column":38},"end":{"line":113,"column":49}},{"start":{"line":113,"column":52},"end":{"line":113,"column":null}}],"line":113}},"s":{"0":0,"1":0,"2":0,"3":0,"4":0,"5":0,"6":0,"7":0,"8":0,"9":0,"10":0,"11":0,"12":0,"13":0,"14":0,"15":0,"16":0,"17":0,"18":0,"19":0,"20":0,"21":0,"22":0,"23":0,"24":0,"25":0,"26":0,"27":0,"28":0,"29":0,"30":0,"31":0,"32":0,"33":0,"34":0,"35":0,"36":0,"37":0,"38":0,"39":0,"40":0,"41":0,"42":0,"43":0,"44":0,"45":0,"46":0,"47":0,"48":0,"49":0,"50":0,"51":0,"52":0,"53":0,"54":0},"f":{"0":0,"1":0,"2":0,"3":0,"4":0,"5":0,"6":0,"7":0,"8":0,"9":0,"10":0,"11":0,"12":0},"b":{"0":[0,0,0,0],"1":[0,0],"2":[0,0],"3":[0,0],"4":[0,0],"5":[0,0],"6":[0,0],"7":[0,0]},"meta":{"lastBranch":8,"lastFunction":13,"lastStatement":55,"seen":{"s:26:21:37:Infinity":0,"f:26:21:26:22":0,"b:28:4:29:Infinity:30:4:31:Infinity:32:4:33:Infinity:34:4:35:Infinity":0,"s:27:2:36:Infinity":1,"s:29:6:29:Infinity":2,"s:31:6:31:Infinity":3,"s:33:6:33:Infinity":4,"s:35:6:35:Infinity":5,"s:40:29:53:Infinity":6,"f:40:29:40:30":1,"s:41:2:52:Infinity":7,"s:42:20:42:Infinity":8,"s:43:16:43:Infinity":9,"s:44:19:44:Infinity":10,"s:45:21:45:Infinity":11,"b:47:4:47:Infinity:undefined:undefined:undefined:undefined":1,"s:47:4:47:Infinity":12,"s:47:22:47:Infinity":13,"b:48:4:48:Infinity:undefined:undefined:undefined:undefined":2,"s:48:4:48:Infinity":14,"s:48:24:48:Infinity":15,"s:49:4:49:Infinity":16,"s:51:4:51:Infinity":17,"s:56:33:68:Infinity":18,"f:56:33:56:34":2,"s:57:2:67:Infinity":19,"f:64:34:64:35":3,"s:64:49:64:68":20,"s:70:31:147:Infinity":21,"f:70:31:70:Infinity":4,"s:71:39:71:Infinity":22,"s:72:29:72:Infinity":23,"s:73:25:73:Infinity":24,"s:77:36:77:Infinity":25,"s:79:8:117:Infinity":26,"f:79:40:79:Infinity":5,"s:80:4:80:48":27,"s:81:4:81:34":28,"s:82:4:116:Infinity":29,"s:83:6:83:Infinity":30,"s:84:6:84:Infinity":31,"s:86:23:86:Infinity":32,"b:88:6:110:Infinity:undefined:undefined:undefined:undefined":3,"s:88:6:110:Infinity":33,"b:88:10:88:26:88:30:88:43":4,"s:89:23:89:Infinity":34,"b:89:54:89:67:89:70:89:Infinity":5,"s:92:23:107:Infinity":35,"f:94:16:94:17":6,"s:96:70:101:Infinity":36,"s:102:33:102:84":37,"b:103:12:103:Infinity:undefined:undefined:undefined:undefined":6,"s:103:12:103:Infinity":38,"s:103:36:103:Infinity":39,"s:106:12:106:Infinity":40,"s:109:8:109:Infinity":41,"s:112:6:112:Infinity":42,"s:113:6:113:Infinity":43,"b:113:38:113:49:113:52:113:Infinity":7,"s:115:6:115:Infinity":44,"s:120:2:122:Infinity":45,"f:120:12:120:Infinity":7,"s:121:4:121:Infinity":46,"s:126:2:137:Infinity":47,"f:126:12:126:Infinity":8,"s:127:21:134:Infinity":48,"f:127:33:127:Infinity":9,"s:128:6:132:Infinity":49,"f:128:22:128:Infinity":10,"s:129:8:132:Infinity":50,"f:129:23:129:33":11,"s:129:33:132:Infinity":51,"s:136:4:136:Infinity":52,"f:136:11:136:17":12,"s:136:17:136:Infinity":53,"s:139:2:146:Infinity":54}}}
,"D:\\TrainingIA\\SistemaDePedidosRestaurante\\orders-producer-frontend\\src\\hooks\\useDashboardUpdates.ts": {"path":"D:\\TrainingIA\\SistemaDePedidosRestaurante\\orders-producer-frontend\\src\\hooks\\useDashboardUpdates.ts","statementMap":{"0":{"start":{"line":15,"column":35},"end":{"line":110,"column":null}},"1":{"start":{"line":19,"column":8},"end":{"line":19,"column":null}},"2":{"start":{"line":20,"column":8},"end":{"line":20,"column":null}},"3":{"start":{"line":21,"column":8},"end":{"line":21,"column":null}},"4":{"start":{"line":23,"column":8},"end":{"line":84,"column":null}},"5":{"start":{"line":24,"column":4},"end":{"line":27,"column":null}},"6":{"start":{"line":25,"column":6},"end":{"line":25,"column":null}},"7":{"start":{"line":26,"column":6},"end":{"line":26,"column":null}},"8":{"start":{"line":29,"column":4},"end":{"line":83,"column":null}},"9":{"start":{"line":30,"column":6},"end":{"line":30,"column":null}},"10":{"start":{"line":32,"column":6},"end":{"line":35,"column":null}},"11":{"start":{"line":33,"column":8},"end":{"line":33,"column":null}},"12":{"start":{"line":34,"column":8},"end":{"line":34,"column":null}},"13":{"start":{"line":37,"column":6},"end":{"line":67,"column":null}},"14":{"start":{"line":38,"column":8},"end":{"line":66,"column":null}},"15":{"start":{"line":39,"column":44},"end":{"line":39,"column":null}},"16":{"start":{"line":40,"column":10},"end":{"line":40,"column":null}},"17":{"start":{"line":42,"column":10},"end":{"line":63,"column":null}},"18":{"start":{"line":44,"column":14},"end":{"line":47,"column":null}},"19":{"start":{"line":45,"column":16},"end":{"line":45,"column":null}},"20":{"start":{"line":46,"column":16},"end":{"line":46,"column":null}},"21":{"start":{"line":48,"column":14},"end":{"line":48,"column":null}},"22":{"start":{"line":51,"column":14},"end":{"line":54,"column":null}},"23":{"start":{"line":52,"column":16},"end":{"line":52,"column":null}},"24":{"start":{"line":53,"column":16},"end":{"line":53,"column":null}},"25":{"start":{"line":55,"column":14},"end":{"line":55,"column":null}},"26":{"start":{"line":58,"column":14},"end":{"line":58,"column":null}},"27":{"start":{"line":59,"column":14},"end":{"line":59,"column":null}},"28":{"start":{"line":62,"column":14},"end":{"line":62,"column":null}},"29":{"start":{"line":65,"column":10},"end":{"line":65,"column":null}},"30":{"start":{"line":69,"column":6},"end":{"line":72,"column":null}},"31":{"start":{"line":70,"column":8},"end":{"line":70,"column":null}},"32":{"start":{"line":71,"column":8},"end":{"line":71,"column":null}},"33":{"start":{"line":74,"column":6},"end":{"line":79,"column":null}},"34":{"start":{"line":75,"column":8},"end":{"line":75,"column":null}},"35":{"start":{"line":76,"column":8},"end":{"line":76,"column":null}},"36":{"start":{"line":78,"column":8},"end":{"line":78,"column":null}},"37":{"start":{"line":81,"column":6},"end":{"line":81,"column":null}},"38":{"start":{"line":82,"column":6},"end":{"line":82,"column":null}},"39":{"start":{"line":86,"column":8},"end":{"line":95,"column":null}},"40":{"start":{"line":87,"column":4},"end":{"line":89,"column":null}},"41":{"start":{"line":88,"column":6},"end":{"line":88,"column":null}},"42":{"start":{"line":90,"column":4},"end":{"line":93,"column":null}},"43":{"start":{"line":91,"column":6},"end":{"line":91,"column":null}},"44":{"start":{"line":92,"column":6},"end":{"line":92,"column":null}},"45":{"start":{"line":94,"column":4},"end":{"line":94,"column":null}},"46":{"start":{"line":97,"column":2},"end":{"line":103,"column":null}},"47":{"start":{"line":98,"column":4},"end":{"line":98,"column":null}},"48":{"start":{"line":100,"column":4},"end":{"line":102,"column":null}},"49":{"start":{"line":101,"column":6},"end":{"line":101,"column":null}},"50":{"start":{"line":105,"column":2},"end":{"line":109,"column":null}}},"fnMap":{"0":{"name":"(anonymous_0)","decl":{"start":{"line":15,"column":35},"end":{"line":15,"column":null}},"loc":{"start":{"line":17,"column":2},"end":{"line":110,"column":null}},"line":17},"1":{"name":"(anonymous_1)","decl":{"start":{"line":23,"column":30},"end":{"line":23,"column":null}},"loc":{"start":{"line":23,"column":30},"end":{"line":84,"column":5}},"line":23},"2":{"name":"(anonymous_2)","decl":{"start":{"line":32,"column":29},"end":{"line":32,"column":null}},"loc":{"start":{"line":32,"column":29},"end":{"line":35,"column":null}},"line":32},"3":{"name":"(anonymous_3)","decl":{"start":{"line":37,"column":32},"end":{"line":37,"column":33}},"loc":{"start":{"line":37,"column":33},"end":{"line":67,"column":null}},"line":37},"4":{"name":"(anonymous_4)","decl":{"start":{"line":69,"column":30},"end":{"line":69,"column":31}},"loc":{"start":{"line":69,"column":31},"end":{"line":72,"column":null}},"line":69},"5":{"name":"(anonymous_5)","decl":{"start":{"line":74,"column":30}
[...]
{"line":107,"column":null}},"loc":{"start":{"line":109,"column":71},"end":{"line":126,"column":null}},"line":109}},"branchMap":{"0":{"loc":{"start":{"line":18,"column":2},"end":{"line":20,"column":null}},"type":"if","locations":[{"start":{"line":18,"column":2},"end":{"line":20,"column":null}},{"start":{},"end":{}}],"line":18},"1":{"loc":{"start":{"line":19,"column":20},"end":{"line":19,"column":null}},"type":"binary-expr","locations":[{"start":{"line":19,"column":20},"end":{"line":19,"column":43}},{"start":{"line":19,"column":43},"end":{"line":19,"column":null}}],"line":19},"2":{"loc":{"start":{"line":33,"column":2},"end":{"line":35,"column":null}},"type":"if","locations":[{"start":{"line":33,"column":2},"end":{"line":35,"column":null}},{"start":{},"end":{}}],"line":33},"3":{"loc":{"start":{"line":34,"column":20},"end":{"line":34,"column":null}},"type":"binary-expr","locations":[{"start":{"line":34,"column":20},"end":{"line":34,"column":43}},{"start":{"line":34,"column":43},"end":{"line":34,"column":null}}],"line":34},"4":{"loc":{"start":{"line":48,"column":2},"end":{"line":50,"column":null}},"type":"if","locations":[{"start":{"line":48,"column":2},"end":{"line":50,"column":null}},{"start":{},"end":{}}],"line":48},"5":{"loc":{"start":{"line":49,"column":20},"end":{"line":49,"column":null}},"type":"binary-expr","locations":[{"start":{"line":49,"column":20},"end":{"line":49,"column":43}},{"start":{"line":49,"column":43},"end":{"line":49,"column":null}}],"line":49},"6":{"loc":{"start":{"line":82,"column":4},"end":{"line":86,"column":null}},"type":"if","locations":[{"start":{"line":82,"column":4},"end":{"line":86,"column":null}},{"start":{},"end":{}}],"line":82},"7":{"loc":{"start":{"line":82,"column":8},"end":{"line":82,"column":67}},"type":"binary-expr","locations":[{"start":{"line":82,"column":8},"end":{"line":82,"column":24}},{"start":{"line":82,"column":24},"end":{"line":82,"column":67}}],"line":82},"8":{"loc":{"start":{"line":90,"column":4},"end":{"line":92,"column":null}},"type":"if","locations":[{"start":{"line":90,"column":4},"end":{"line":92,"column":null}},{"start":{},"end":{}}],"line":90},"9":{"loc":{"start":{"line":91,"column":22},"end":{"line":91,"column":null}},"type":"binary-expr","locations":[{"start":{"line":91,"column":22},"end":{"line":91,"column":45}},{"start":{"line":91,"column":45},"end":{"line":91,"column":55}},{"start":{"line":91,"column":59},"end":{"line":91,"column":70}},{"start":{"line":91,"column":74},"end":{"line":91,"column":null}}],"line":91},"10":{"loc":{"start":{"line":96,"column":4},"end":{"line":99,"column":null}},"type":"if","locations":[{"start":{"line":96,"column":4},"end":{"line":99,"column":null}},{"start":{},"end":{}}],"line":96},"11":{"loc":{"start":{"line":121,"column":2},"end":{"line":123,"column":null}},"type":"if","locations":[{"start":{"line":121,"column":2},"end":{"line":123,"column":null}},{"start":{},"end":{}}],"line":121},"12":{"loc":{"start":{"line":122,"column":20},"end":{"line":122,"column":null}},"type":"binary-expr","locations":[{"start":{"line":122,"column":20},"end":{"line":122,"column":43}},{"start":{"line":122,"column":43},"end":{"line":122,"column":null}}],"line":122}},"s":{"0":4,"1":3,"2":3,"3":2,"4":1,"5":3,"6":3,"7":3,"8":2,"9":1,"10":3,"11":3,"12":3,"13":1,"14":2,"15":0,"16":0,"17":0,"18":0,"19":0,"20":0,"21":0,"22":0,"23":0,"24":0,"25":0,"26":0,"27":0,"28":0,"29":0,"30":0,"31":0,"32":0,"33":0,"34":0},"f":{"0":4,"1":3,"2":3,"3":0,"4":0},"b":{"0":[2,1],"1":[2,1],"2":[2,1],"3":[2,1],"4":[1,2],"5":[1,0],"6":[0,0],"7":[0,0],"8":[0,0],"9":[0,0,0,0],"10":[0,0],"11":[0,0],"12":[0,0]},"meta":{"lastBranch":13,"lastFunction":5,"lastStatement":35,"seen":{"f:7:22:7:34":0,"s:8:19:14:Infinity":0,"s:16:15:16:Infinity":1,"b:18:2:20:Infinity:undefined:undefined:undefined:undefined":0,"s:18:2:20:Infinity":2,"s:19:4:19:Infinity":3,"b:19:20:19:43:19:43:19:Infinity":1,"s:22:2:22:Infinity":4,"f:28:22:28:35":1,"s:29:19:29:Infinity":5,"s:31:15:31:Infinity":6,"b:33:2:35:Infinity:undefined:undefined:undefined:undefined":2,"s:33:2:35:Infinity":7,"s:34:4:34:Infinity":8,"b:34:20:34:43:34:43:34:Infinity":3,"s:37:2:37:Infinity":9,"f:43:22:43:Infinity":2,"s:44:19:44:Infinity":10,"s:46:15:46:Infinity":11,"b:48:2:50:Infinity:undefined:undefined:undefined:undefined":4,"s:48:2:50:Infinity":12,"s:49:4:49:Infinity":13,"b:49:20:49:43:49:43:49:Infinity":5,"s:52:2:52:Infinity":14,"f:58:22:58:Infinity":3,"s:71:2:101:Infinity":15,"s:72:21:78:Infinity":16,"s:81:24:81:Infinity":17,"b:82:4:86:Infinity:undefined:undefined:undefined:undefined":6,"s:82:4:86:Infinity":18,"b:82:8:82:24:82:24:82:67":7,"s:83:19:83:Infinity":19,"s:84:6:84:Infinity":20,"s:85:6:85:Infinity":21,"s:88:17:88:Infinity":22,"b:90:4:92:Infinity:undefined:undefined:undefined:undefined":8,"s:90:4:92:Infinity":23,"s:91:6:91:Infinity":24,"b:91:22:91:45:91:45:91:55:91:59:91:70:91:74:91:Infinity":9,"s:94:4:94:Infinity":25,"b:96:4:99:Infinity:undefined:undefined:undefined:undefined":10,"s:96:4:99:Infinity":26,"s:97:6:97:Infinity":27,"s:98:6:98:Infinity":28,"s:100:4:100:Infinity":29,"f:107:22:107:Infinity":4,"s:111:19:117:Infinity":30,"s:119:15:119:Infinity":31,"b:121:2:123:Infinity:undefined:undefined:undefined:undefined":11,"s:121:2:123:Infinity":32,"s:122:4:122:Infinity":33,"b:122:20:122:43:122:43:122:Infinity":12,"s:125:2:125:Infinity":34}}}
,"D:\\TrainingIA\\SistemaDePedidosRestaurante\\orders-producer-frontend\\src\\services\\websocketService.ts": {"path":"D:\\TrainingIA\\SistemaDePedidosRestaurante\\orders-producer-frontend\\src\\services\\websocketService.ts","statementMap":{"0":{"start":{"line":15,"column":4},"end":{"line":17,"column":null}},"1":{"start":{"line":16,"column":6},"end":{"line":16,"column":null}},"2":{"start":{"line":19,"column":4},"end":{"line":50,"column":null}},"3":{"start":{"line":20,"column":6},"end":{"line":20,"column":null}},"4":{"start":{"line":22,"column":6},"end":{"line":28,"column":null}},"5":{"start":{"line":23,"column":8},"end":{"line":23,"column":null}},"6":{"start":{"line":24,"column":8},"end":{"line":27,"column":null}},"7":{"start":{"line":25,"column":10},"end":{"line":25,"column":null}},"8":{"start":{"line":26,"column":10},"end":{"line":26,"column":null}},"9":{"start":{"line":30,"column":6},"end":{"line":37,"column":null}},"10":{"start":{"line":31,"column":8},"end":{"line":36,"column":null}},"11":{"start":{"line":32,"column":23},"end":{"line":32,"column":null}},"12":{"start":{"line":33,"column":10},"end":{"line":33,"column":null}},"13":{"start":{"line":35,"column":10},"end":{"line":35,"column":null}},"14":{"start":{"line":39,"column":6},"end":{"line":41,"column":null}},"15":{"start":{"line":40,"column":8},"end":{"line":40,"column":null}},"16":{"start":{"line":43,"column":6},"end":{"line":46,"column":null}},"17":{"start":{"line":44,"column":8},"end":{"line":44,"column":null}},"18":{"start":{"line":45,"column":8},"end":{"line":45,"column":null}},"19":{"start":{"line":48,"column":6},"end":{"line":48,"column":null}},"20":{"start":{"line":49,"column":6},"end":{"line":49,"column":null}},"21":{"start":{"line":54,"column":4},"end":{"line":54,"column":null}},"22":{"start":{"line":54,"column":29},"end":{"line":54,"column":null}},"23":{"start":{"line":56,"column":4},"end":{"line":59,"column":null}},"24":{"start":{"line":57,"column":6},"end":{"line":57,"column":null}},"25":{"start":{"line":58,"column":6},"end":{"line":58,"column":null}},"26":{"start":{"line":63,"column":4},"end":{"line":66,"column":null}},"27":{"start":{"line":64,"column":6},"end":{"line":64,"column":null}},"28":{"start":{"line":65,"column":6},"end":{"line":65,"column":null}},"29":{"start":{"line":68,"column":4},"end":{"line":71,"column":null}},"30":{"start":{"line":69,"column":6},"end":{"line":69,"column":null}},"31":{"start":{"line":70,"column":6},"end":{"line":70,"column":null}},"32":{"start":{"line":73,"column":4},"end":{"line":73,"column":null}},"33":{"start":{"line":77,"column":4},"end":{"line":77,"column":null}},"34":{"start":{"line":78,"column":4},"end":{"line":78,"column":null}},"35":{"start":{"line":78,"column":17},"end":{"line":78,"column":null}},"36":{"start":{"line":82,"column":4},"end":{"line":82,"column":null}},"37":{"start":{"line":82,"column":39},"end":{"line":82,"column":null}},"38":{"start":{"line":86,"column":4},"end":{"line":86,"column":null}},"39":{"start":{"line":4,"column":2},"end":{"line":4,"column":null}},"40":{"start":{"line":5,"column":2},"end":{"line":5,"column":null}},"41":{"start":{"line":6,"column":2},"end":{"line":6,"column":null}},"42":{"start":{"line":7,"column":2},"end":{"line":7,"column":null}},"43":{"start":{"line":8,"column":2},"end":{"line":8,"column":10}},"44":{"start":{"line":11,"column":4},"end":{"line":11,"column":null}},"45":{"start":{"line":90,"column":32},"end":{"line":90,"column":null}}},"fnMap":{"0":{"name":"(anonymous_0)","decl":{"start":{"line":14,"column":2},"end":{"line":14,"column":12}},"loc":{"start":{"line":14,"column":12},"end":{"line":51,"column":null}},"line":14},"1":{"name":"(anonymous_1)","decl":{"start":{"line":22,"column":23},"end":{"line":22,"column":null}},"loc":{"start":{"line":22,"column":23},"end":{"line":28,"column":null}},"line":22},"2":{"name":"(anonymous_2)","decl":{"start":{"line":30,"column":26},"end":{"line":30,"column":27}},"loc":{"start":{"line":30,"column":27},"end":{"line":37,"column":null}},"line":30},"3":{"name":"(anonymous_3)","decl":{"start":{"line":39,"column":24},"end":{"line":39,"column":25}},"loc":{"start":{"line":39,"column":25},"end":{"line":41,"column":null}},"line":39},"4":{"name":"(anonymous_4)","decl":{"start":{"line":43,"column":24},"end":{"line":43,"column":null}},"loc":{"start":{"line":43,"column":24},"end":{"line":46,"column":null}},"line":43},"5":{"name":"(anonymous_5)","decl":{"start":{"line":53,"column":10},"end":{"line":53,"column":30}},"loc":{"start":{"line":53,"column":30},"end":{"line":60,"column":null}},"line":53},"6":{"name":"(anonymous_6)","decl":{"start":{"line":56,"column":37},"end":{"line":56,"column":null}},"loc":{"start":{"line":56,"column":37},"end":{"line":59,"column":7}},"line":56},"7":{"name":"(anonymous_7)","decl":{"start":{"line":62,"column":2},"end":{"line":62,"column":15}},"loc":{"start":{"line":62,"column":15},"end":{"line":74,"column":null}},"line":62},"8":{"name":"(anonymous_8)","decl":{"start":{"line":76,"column":2},"end":{"line":76,"column":12}},"loc":{"start":{"line":76,"column":41},"end":{"line":79,"column":null}},"line":76},"9":{"name":"(anonymous_9)","decl":{"start":{"line":78,"column":11},"end":{"line":78,"column":17}},"loc":{"start":{"line":78,"column":17},"end":{"line":78,"column":null}},"line":78},"10":{"name":"(anonymous_10)","decl":{"start":{"line":81,"column":10},"end":{"line":81,"column":26}},"loc":{"start":{"line":81,"column":37},"end":{"line":83,"column":null}},"line":81},"11":{"name":"(anonymous_11)","decl":{"start":{"line":82,"column":27},"end":{"line":82,"column":39}},"loc":{"start":{"line":82,"column":39},"end":{"line":82,"column":null}},"line":82},"12":{"name":"(anonymous_12)","decl":{"start":{"line":85,"column":2},"end":{"line":85,"column":25}},"loc":{"start":{"line":85,"column":25},"end":{"line":87,"column":null}},"line":85},"13":{"name":"(anonymous_13)","decl":{"start":{"line":10,"column":2},"end":{"line":10,"column":14}},"loc":{"start":{"line":10,"column":51},"end":{"line":12,"column":null}},"line":10}},"branchMap":{"0":{"loc":{"start":{"line":15,"column":4},"end":{"line":17,"column":null}},"type":"if","locations":[{"start":{"line":15,"column":4},"end":{"line":17,"column":null}},{"start":{},"end":{}}],"line":15},"1":{"loc":{"start":{"line":24,"column":8},"end":{"line":27,"column":null}},"type":"if","locations":[{"start":{"line":24,"column":8},"end":{"line":27,"column":null}},{"start":{},"end":{}}],"line":24},"2":{"loc":{"start":{"line":54,"column":4},"end":{"line":54,"column":null}},"type":"if","locations":[{"start":{"line":54,"column":4},"end":{"line":54,"column":null}},{"start":{},"end":{}}],"line":54},"3":{"loc":{"start":{"line":63,"column":4},"end":{"line":66,"column":null}},"type":"if","locations":[{"start":{"line":63,"column":4},"end":{"line":66,"column":null}},{"start":{},"end":{}}],"line":63},"4":{"loc":{"start":{"line":68,"column":4},"end":{"line":71,"column":null}},"type":"if","locations":[{"start":{"line":68,"column":4},"end":{"line":71,"column":null}},{"start":{},"end":{}}],"line":68},"5":{"loc":{"start":{"line":10,"column":14},"end":{"line":10,"column":49}},"type":"default-arg","locations":[{"start":{"line":10,"column":28},"end":{"line":10,"column":49}}],"line":10}},"s":{"0":0,"1":0,"2":0,"3":0,"4":0,"5":0,"6":0,"7":0,"8":0,"9":0,"10":0,"11":0,"12":0,"13":0,"14":0,"15":0,"16":0,"17":0,"18":0,"19":0,"20":0,"21":0,"22":0,"23":0,"24":0,"25":0,"26":0,"27":0,"28":0,"29":0,"30":0,"31":0,"32":0,"33":0,"34":0,"35":0,"36":0,"37":0,"38":0,"39":0,"40":0,"41":0,"42":0,"43":0,"44":0,"45":0},"f":{"0":0,"1":0,"2":0,"3":0,"4":0,"5":0,"6":0,"7":0,"8":0,"9":0,"10":0,"11":0,"12":0,"13":0},"b":{"0":[0,0],"1":[0,0],"2":[0,0],"3":[0,0],"4":[0,0],"5":[0]},"meta":{"lastBranch":6,"lastFunction":14,"lastStatement":46,"seen":{"f:14:2:14:12":0,"b:15:4:17:Infinity:undefined:undefined:undefined:undefined":0,"s:15:4:17:Infinity":0,"s:16:6:16:Infinity":1,"s:19:4:50:Infinity":2,"s:20:6:20:Infinity":3,"s:22:6:28:Infinity":4,"f:22:23:22:Infinity":1,"s:23:8:23:Infinity":5,"b:24:8:27:Infinity:undefined:undefined:undefined:undefined":1,"s:24:8:27:Infinity":6,"s:25:10:25:Infinity":7,"s:26:10:26:Infinity":8,"s:30:6:37:Infinity":9,"f:30:26:30:27":2,"s:31:8:36:Infinity":10,"s:32:23:32:Infinity":11,"s:33:10:33:Infinity":12,"s:35:10:35:Infinity":13,"s:39:6:41:Infinity":14,"f:39:24:39:25":3,"s:40:8:40:Infinity":15,"s:43:6:46:Infinity":16,"f:43:24:43:Infinity":4,"s:44:8:44:Infinity":17,"s:45:8:45:Infinity":18,"s:48:6:48:Infinity":19,"s:49:6:49:Infinity":20,"f:53:10:53:30":5,"b:54:4:54:Infinity:undefined:undefined:undefined:undefined":2,"s:54:4:54:Infinity":21,"s:54:29:54:Infinity":22,"s:56:4:59:Infinity":23,"f:56:37:56:Infinity":6,"s:57:6:57:Infinity":24,"s:58:6:58:Infinity":25,"f:62:2:62:15":7,"b:63:4:66:Infinity:undefined:undefined:undefined:undefined":3,"s:63:4:66:Infinity":26,"s:64:6:64:Infinity":27,"s:65:6:65:Infinity":28,"b:68:4:71:Infinity:undefined:undefined:undefined:undefined":4,"s:68:4:71:Infinity":29,"s:69:6:69:Infinity":30,"s:70:6:70:Infinity":31,"s:73:4:73:Infinity":32,"f:76:2:76:12":8,"s:77:4:77:Infinity":33,"s:78:4:78:Infinity":34,"f:78:11:78:17":9,"s:78:17:78:Infinity":35,"f:81:10:81:26":10,"s:82:4:82:Infinity":36,"f:82:27:82:39":11,"s:82:39:82:Infinity":37,"f:85:2:85:25":12,"s:86:4:86:Infinity":38,"f:10:2:10:14":13,"b:10:28:10:49":5,"s:4:2:4:Infinity":39,"s:5:2:5:Infinity":40,"s:6:2:6:Infinity":41,"s:7:2:7:Infinity":42,"s:8:2:8:10":43,"s:11:4:11:Infinity":44,"s:90:32:90:Infinity":45}}}
,"D:\\TrainingIA\\SistemaDePedidosRestaurante\\orders-producer-frontend\\src\\store\\auth.ts": {"path":"D:\\TrainingIA\\SistemaDePedidosRestaurante\\orders-producer-frontend\\src\\store\\auth.ts","statementMap":{"0":{"start":{"line":12,"column":24},"end":{"line":21,"column":null}},"1":{"start":{"line":13,"column":2},"end":{"line":20,"column":null}},"2":{"start":{"line":14,"column":18},"end":{"line":14,"column":null}},"3":{"start":{"line":15,"column":20},"end":{"line":15,"column":null}},"4":{"start":{"line":16,"column":17},"end":{"line":16,"column":null}},"5":{"start":{"line":17,"column":4},"end":{"line":17,"column":null}},"6":{"start":{"line":19,"column":4},"end":{"line":19,"column":null}},"7":{"start":{"line":23,"column":21},"end":{"line":23,"column":null}},"8":{"start":{"line":25,"column":13},"end":{"line":46,"column":null}},"9":{"start":{"line":25,"column":51},"end":{"line":46,"column":null}},"10":{"start":{"line":29,"column":4},"end":{"line":29,"column":null}},"11":{"start":{"line":30,"column":4},"end":{"line":30,"column":null}},"12":{"start":{"line":31,"column":4},"end":{"line":31,"column":null}},"13":{"start":{"line":32,"column":4},"end":{"line":32,"column":null}},"14":{"start":{"line":35,"column":4},"end":{"line":35,"column":null}},"15":{"start":{"line":36,"column":4},"end":{"line":36,"column":null}},"16":{"start":{"line":37,"column":4},"end":{"line":37,"column":null}},"17":{"start":{"line":38,"column":4},"end":{"line":38,"column":null}},"18":{"start":{"line":41,"column":4},"end":{"line":41,"column":null}},"19":{"start":{"line":42,"column":4},"end":{"line":42,"column":null}},"20":{"start":{"line":43,"column":4},"end":{"line":43,"column":null}},"21":{"start":{"line":44,"column":4},"end":{"line":44,"column":null}}},"fnMap":{"0":{"name":"(anonymous_0)","decl":{"start":{"line":12,"column":24},"end":{"line":12,"column":null}},"loc":{"start":{"line":12,"column":24},"end":{"line":21,"column":null}},"line":12},"1":{"name":"(anonymous_1)","decl":{"start":{"line":25,"column":41},"end":{"line":25,"column":42}},"loc":{"start":{"line":25,"column":51},"end":{"line":46,"column":null}},"line":25},"2":{"name":"(anonymous_2)","decl":{"start":{"line":28,"column":11},"end":{"line":28,"column":12}},"loc":{"start":{"line":28,"column":19},"end":{"line":33,"column":null}},"line":28},"3":{"name":"(anonymous_3)","decl":{"start":{"line":34,"column":9},"end":{"line":34,"column":null}},"loc":{"start":{"line":34,"column":9},"end":{"line":39,"column":null}},"line":34},"4":{"name":"(anonymous_4)","decl":{"start":{"line":40,"column":10},"end":{"line":40,"column":null}},"loc":{"start":{"line":40,"column":10},"end":{"line":45,"column":null}},"line":40}},"branchMap":{"0":{"loc":{"start":{"line":16,"column":17},"end":{"line":16,"column":null}},"type":"cond-expr","locations":[{"start":{"line":16,"column":27},"end":{"line":16,"column":49}},{"start":{"line":16,"column":49},"end":{"line":16,"column":null}}],"line":16},"1":{"loc":{"start":{"line":29,"column":45},"end":{"line":29,"column":92}},"type":"cond-expr","locations":[{"start":{"line":29,"column":53},"end":{"line":29,"column":86}},{"start":{"line":29,"column":86},"end":{"line":29,"column":92}}],"line":29}},"s":{"0":1,"1":1,"2":1,"3":1,"4":1,"5":1,"6":0,"7":1,"8":1,"9":1,"10":7,"11":7,"12":7,"13":7,"14":10,"15":10,"16":10,"17":10,"18":1,"19":1,"20":1,"21":1},"f":{"0":1,"1":1,"2":7,"3":10,"4":1},"b":{"0":[0,1],"1":[7,0]},"meta":{"lastBranch":2,"lastFunction":5,"lastStatement":22,"seen":{"s:12:24:21:Infinity":0,"f:12:24:12:Infinity":0,"s:13:2:20:Infinity":1,"s:14:18:14:Infinity":2,"s:15:20:15:Infinity":3,"s:16:17:16:Infinity":4,"b:16:27:16:49:16:49:16:Infinity":0,"s:17:4:17:Infinity":5,"s:19:4:19:Infinity":6,"s:23:21:23:Infinity":7,"s:25:13:46:Infinity":8,"f:25:41:25:42":1,"s:25:51:46:Infinity":9,"f:28:11:28:12":2,"s:29:4:29:Infinity":10,"b:29:53:29:86:29:86:29:92":1,"s:30:4:30:Infinity":11,"s:31:4:31:Infinity":12,"s:32:4:32:Infinity":13,"f:34:9:34:Infinity":3,"s:35:4:35:Infinity":14,"s:36:4:36:Infinity":15,"s:37:4:37:Infinity":16,"s:38:4:38:Infinity":17,"f:40:10:40:Infinity":4,"s:41:4:41:Infinity":18,"s:42:4:42:Infinity":19,"s:43:4:43:Infinity":20,"s:44:4:44:Infinity":21}}}
,"D:\\TrainingIA\\SistemaDePedidosRestaurante\\orders-producer-frontend\\src\\types\\order.ts": {"path":"D:\\TrainingIA\\SistemaDePedidosRestaurante\\orders-producer-frontend\\src\\types\\order.ts","statementMap":{},"fnMap":{},"branchMap":{},"s":{},"f":{},"b":{},"meta":{"lastBranch":0,"lastFunction":0,"lastStatement":0,"seen":{}}}
,"D:\\TrainingIA\\SistemaDePedidosRestaurante\\orders-producer-frontend\\src\\utils\\currency.ts": {"path":"D:\\TrainingIA\\SistemaDePedidosRestaurante\\orders-producer-frontend\\src\\utils\\currency.ts","statementMap":{"0":{"start":{"line":1,"column":25},"end":{"line":7,"column":null}},"1":{"start":{"line":2,"column":2},"end":{"line":6,"column":null}}},"fnMap":{"0":{"name":"(anonymous_0)","decl":{"start":{"line":1,"column":25},"end":{"line":1,"column":26}},"loc":{"start":{"line":1,"column":26},"end":{"line":7,"column":null}},"line":1}},"branchMap":{},"s":{"0":1,"1":13},"f":{"0":13},"b":{},"meta":{"lastBranch":0,"lastFunction":1,"lastStatement":2,"seen":{"s:1:25:7:Infinity":0,"f:1:25:1:26":0,"s:2:2:6:Infinity":1}}}
}
