{"C:\\Users\\juan.ciro\\Documents\\Taller-28\\SistemaDePedidosRestaurante\\orders-producer-node\\src\\application\\config\\preparation.config.ts": {"path":"C:\\Users\\juan.ciro\\Documents\\Taller-28\\SistemaDePedidosRestaurante\\orders-producer-node\\src\\application\\config\\preparation.config.ts","statementMap":{"0":{"start":{"line":8,"column":0},"end":{"line":8,"column":7}},"1":{"start":{"line":1,"column":0},"end":{"line":1,"column":87}},"2":{"start":{"line":2,"column":0},"end":{"line":2,"column":115}},"3":{"start":{"line":9,"column":15},"end":{"line":9,"column":46}},"4":{"start":{"line":10,"column":15},"end":{"line":10,"column":46}},"5":{"start":{"line":12,"column":2},"end":{"line":29,"column":3}},"6":{"start":{"line":13,"column":29},"end":{"line":13,"column":55}},"7":{"start":{"line":15,"column":4},"end":{"line":26,"column":5}},"8":{"start":{"line":16,"column":6},"end":{"line":16,"column":97}},"9":{"start":{"line":18,"column":6},"end":{"line":21,"column":7}},"10":{"start":{"line":19,"column":8},"end":{"line":19,"column":80}},"11":{"start":{"line":20,"column":8},"end":{"line":20,"column":79}},"12":{"start":{"line":23,"column":6},"end":{"line":23,"column":18}},"13":{"start":{"line":25,"column":6},"end":{"line":25,"column":105}},"14":{"start":{"line":28,"column":4},"end":{"line":28,"column":98}},"15":{"start":{"line":32,"column":2},"end":{"line":32,"column":65}},"16":{"start":{"line":33,"column":2},"end":{"line":33,"column":58}},"17":{"start":{"line":34,"column":2},"end":{"line":34,"column":52}},"18":{"start":{"line":35,"column":2},"end":{"line":35,"column":54}},"19":{"start":{"line":37,"column":2},"end":{"line":37,"column":14}}},"fnMap":{"0":{"name":"createCalculatorFromMongo","decl":{"start":{"line":8,"column":22},"end":{"line":8,"column":47}},"loc":{"start":{"line":8,"column":47},"end":{"line":38,"column":1}}}},"branchMap":{"0":{"loc":{"start":{"line":15,"column":4},"end":{"line":26,"column":5}},"type":"if","locations":[{"start":{"line":15,"column":4},"end":{"line":26,"column":5}},{"start":{"line":24,"column":11},"end":{"line":26,"column":5}}]}},"s":{"0":2,"1":2,"2":2,"3":5,"4":5,"5":5,"6":5,"7":4,"8":3,"9":3,"10":6,"11":6,"12":3,"13":1,"14":1,"15":2,"16":2,"17":2,"18":2,"19":2},"f":{"0":5},"b":{"0":[3,1]}}
,"C:\\Users\\juan.ciro\\Documents\\Taller-28\\SistemaDePedidosRestaurante\\orders-producer-node\\src\\application\\factories\\order.factory.ts": {"path":"C:\\Users\\juan.ciro\\Documents\\Taller-28\\SistemaDePedidosRestaurante\\orders-producer-node\\src\\application\\factories\\order.factory.ts","statementMap":{"0":{"start":{"line":4,"column":0},"end":{"line":4,"column":16}},"1":{"start":{"line":1,"column":0},"end":{"line":1,"column":36}},"2":{"start":{"line":5,"column":2},"end":{"line":10,"column":20}}},"fnMap":{"0":{"name":"createKitchenOrderFromMessage","decl":{"start":{"line":4,"column":16},"end":{"line":4,"column":45}},"loc":{"start":{"line":4,"column":63},"end":{"line":11,"column":1}}}},"branchMap":{"0":{"loc":{"start":{"line":7,"column":8},"end":{"line":7,"column":26}},"type":"binary-expr","locations":[{"start":{"line":7,"column":8},"end":{"line":7,"column":14}},{"start":{"line":7,"column":18},"end":{"line":7,"column":26}}]},"1":{"loc":{"start":{"line":8,"column":15},"end":{"line":8,"column":56}},"type":"binary-expr","locations":[{"start":{"line":8,"column":15},"end":{"line":8,"column":28}},{"start":{"line":8,"column":32},"end":{"line":8,"column":56}}]},"2":{"loc":{"start":{"line":9,"column":13},"end":{"line":9,"column":46}},"type":"binary-expr","locations":[{"start":{"line":9,"column":13},"end":{"line":9,"column":31}},{"start":{"line":9,"column":35},"end":{"line":9,"column":46}}]}},"s":{"0":7,"1":7,"2":14},"f":{"0":14},"b":{"0":[14,2],"1":[14,11],"2":[14,14]}}
,"C:\\Users\\juan.ciro\\Documents\\Taller-28\\SistemaDePedidosRestaurante\\orders-producer-node\\src\\domain\\strategies\\exact-name.strategy.ts": {"path":"C:\\Users\\juan.ciro\\Documents\\Taller-28\\SistemaDePedidosRestaurante\\orders-producer-node\\src\\domain\\strategies\\exact-name.strategy.ts","statementMap":{"0":{"start":{"line":7,"column":22},"end":{"line":7,"column":41}},"1":{"start":{"line":7,"column":51},"end":{"line":7,"column":73}},"2":{"start":{"line":10,"column":4},"end":{"line":10,"column":72}},"3":{"start":{"line":14,"column":4},"end":{"line":14,"column":42}},"4":{"start":{"line":6,"column":0},"end":{"line":6,"column":13}}},"fnMap":{"0":{"name":"(anonymous_0)","decl":{"start":{"line":7,"column":2},"end":{"line":7,"column":22}},"loc":{"start":{"line":7,"column":73},"end":{"line":7,"column":77}}},"1":{"name":"(anonymous_1)","decl":{"start":{"line":9,"column":2},"end":{"line":9,"column":9}},"loc":{"start":{"line":9,"column":29},"end":{"line":11,"column":3}}},"2":{"name":"(anonymous_2)","decl":{"start":{"line":13,"column":2},"end":{"line":13,"column":15}},"loc":{"start":{"line":13,"column":32},"end":{"line":15,"column":3}}}},"branchMap":{},"s":{"0":15,"1":15,"2":12,"3":8,"4":3},"f":{"0":15,"1":12,"2":8},"b":{}}
,"C:\\Users\\juan.ciro\\Documents\\Taller-28\\SistemaDePedidosRestaurante\\orders-producer-node\\src\\domain\\strategies\\fixed-time.strategy.ts": {"path":"C:\\Users\\juan.ciro\\Documents\\Taller-28\\SistemaDePedidosRestaurante\\orders-producer-node\\src\\domain\\strategies\\fixed-time.strategy.ts","statementMap":{"0":{"start":{"line":4,"column":22},"end":{"line":4,"column":37}},"1":{"start":{"line":4,"column":47},"end":{"line":4,"column":69}},"2":{"start":{"line":7,"column":4},"end":{"line":7,"column":42}},"3":{"start":{"line":11,"column":4},"end":{"line":11,"column":42}},"4":{"start":{"line":3,"column":0},"end":{"line":3,"column":13}}},"fnMap":{"0":{"name":"(anonymous_0)","decl":{"start":{"line":4,"column":2},"end":{"line":4,"column":22}},"loc":{"start":{"line":4,"column":69},"end":{"line":4,"column":73}}},"1":{"name":"(anonymous_1)","decl":{"start":{"line":6,"column":2},"end":{"line":6,"column":9}},"loc":{"start":{"line":6,"column":29},"end":{"line":8,"column":3}}},"2":{"name":"(anonymous_2)","decl":{"start":{"line":10,"column":2},"end":{"line":10,"column":15}},"loc":{"start":{"line":10,"column":32},"end":{"line":12,"column":3}}}},"branchMap":{},"s":{"0":3,"1":3,"2":5,"3":3,"4":3},"f":{"0":3,"1":5,"2":3},"b":{}}
,"C:\\Users\\juan.ciro\\Documents\\Taller-28\\SistemaDePedidosRestaurante\\orders-producer-node\\src\\domain\\strategies\\index.ts": {"path":"C:\\Users\\juan.ciro\\Documents\\Taller-28\\SistemaDePedidosRestaurante\\orders-producer-node\\src\\domain\\strategies\\index.ts","statementMap":{"0":{"start":{"line":1,"column":0},"end":{"line":1,"column":29}},"1":{"start":{"line":2,"column":0},"end":{"line":2,"column":38}},"2":{"start":{"line":3,"column":0},"end":{"line":3,"column":38}},"3":{"start":{"line":4,"column":0},"end":{"line":4,"column":50}}},"fnMap":{},"branchMap":{},"s":{"0":2,"1":2,"2":2,"3":2},"f":{},"b":{}}
,"C:\\Users\\juan.ciro\\Documents\\Taller-28\\SistemaDePedidosRestaurante\\orders-producer-node\\src\\domain\\strategies\\preparation-calculator.strategy.ts": {"path":"C:\\Users\\juan.ciro\\Documents\\Taller-28\\SistemaDePedidosRestaurante\\orders-producer-node\\src\\domain\\strategies\\preparation-calculator.strategy.ts","statementMap":{"0":{"start":{"line":4,"column":46},"end":{"line":4,"column":48}},"1":{"start":{"line":7,"column":4},"end":{"line":7,"column":35}},"2":{"start":{"line":11,"column":14},"end":{"line":11,"column":67}},"3":{"start":{"line":11,"column":43},"end":{"line":11,"column":66}},"4":{"start":{"line":12,"column":4},"end":{"line":12,"column":32}},"5":{"start":{"line":12,"column":12},"end":{"line":12,"column":32}},"6":{"start":{"line":13,"column":4},"end":{"line":13,"column":37}},"7":{"start":{"line":3,"column":0},"end":{"line":3,"column":13}}},"fnMap":{"0":{"name":"(anonymous_0)","decl":{"start":{"line":6,"column":2},"end":{"line":6,"column":10}},"loc":{"start":{"line":6,"column":40},"end":{"line":8,"column":3}}},"1":{"name":"(anonymous_1)","decl":{"start":{"line":10,"column":2},"end":{"line":10,"column":11}},"loc":{"start":{"line":10,"column":49},"end":{"line":14,"column":3}}},"2":{"name":"(anonymous_2)","decl":{"start":{"line":11,"column":35},"end":{"line":11,"column":36}},"loc":{"start":{"line":11,"column":43},"end":{"line":11,"column":66}}}},"branchMap":{"0":{"loc":{"start":{"line":12,"column":4},"end":{"line":12,"column":32}},"type":"if","locations":[{"start":{"line":12,"column":4},"end":{"line":12,"column":32}}]}},"s":{"0":10,"1":19,"2":12,"3":14,"4":12,"5":1,"6":11,"7":4},"f":{"0":19,"1":12,"2":14},"b":{"0":[1]}}
,"C:\\Users\\juan.ciro\\Documents\\Taller-28\\SistemaDePedidosRestaurante\\orders-producer-node\\src\\infrastructure\\database\\mongo.ts": {"path":"C:\\Users\\juan.ciro\\Documents\\Taller-28\\SistemaDePedidosRestaurante\\orders-producer-node\\src\\infrastructure\\database\\mongo.ts","statementMap":{"0":{"start":{"line":1,"column":0},"end":{"line":1,"column":42}},"1":{"start":{"line":2,"column":0},"end":{"line":2,"column":28}},"2":{"start":{"line":4,"column":0},"end":{"line":4,"column":16}},"3":{"start":{"line":7,"column":51},"end":{"line":7,"column":55}},"4":{"start":{"line":8,"column":39},"end":{"line":8,"column":43}},"5":{"start":{"line":9,"column":26},"end":{"line":9,"column":30}},"6":{"start":{"line":14,"column":4},"end":{"line":14,"column":53}},"7":{"start":{"line":15,"column":4},"end":{"line":15,"column":35}},"8":{"start":{"line":20,"column":4},"end":{"line":20,"column":64}},"9":{"start":{"line":24,"column":4},"end":{"line":24,"column":32}},"10":{"start":{"line":24,"column":17},"end":{"line":24,"column":32}},"11":{"start":{"line":26,"column":16},"end":{"line":26,"column":29}},"12":{"start":{"line":27,"column":4},"end":{"line":27,"column":56}},"13":{"start":{"line":27,"column":14},"end":{"line":27,"column":56}},"14":{"start":{"line":31,"column":17},"end":{"line":31,"column":52}},"15":{"start":{"line":33,"column":4},"end":{"line":41,"column":5}},"16":{"start":{"line":34,"column":18},"end":{"line":34,"column":30}},"17":{"start":{"line":36,"column":6},"end":{"line":38,"column":7}},"18":{"start":{"line":37,"column":8},"end":{"line":37,"column":43}},"19":{"start":{"line":43,"column":4},"end":{"line":43,"column":39}},"20":{"start":{"line":44,"column":4},"end":{"line":44,"column":32}},"21":{"start":{"line":45,"column":4},"end":{"line":45,"column":37}},"22":{"start":{"line":48,"column":4},"end":{"line":48,"column":98}},"23":{"start":{"line":49,"column":4},"end":{"line":49,"column":70}},"24":{"start":{"line":50,"column":4},"end":{"line":50,"column":66}},"25":{"start":{"line":53,"column":4},"end":{"line":56,"column":6}},"26":{"start":{"line":57,"column":4},"end":{"line":57,"column":78}},"27":{"start":{"line":60,"column":4},"end":{"line":63,"column":6}},"28":{"start":{"line":64,"column":4},"end":{"line":64,"column":102}},"29":{"start":{"line":65,"column":4},"end":{"line":65,"column":69}},"30":{"start":{"line":67,"column":4},"end":{"line":67,"column":51}},"31":{"start":{"line":68,"column":4},"end":{"line":68,"column":19}},"32":{"start":{"line":72,"column":4},"end":{"line":72,"column":19}},"33":{"start":{"line":76,"column":4},"end":{"line":76,"column":47}},"34":{"start":{"line":76,"column":21},"end":{"line":76,"column":47}},"35":{"start":{"line":77,"column":4},"end":{"line":77,"column":23}},"36":{"start":{"line":78,"column":4},"end":{"line":78,"column":19}},"37":{"start":{"line":82,"column":0},"end":{"line":82,"column":44}}},"fnMap":{"0":{"name":"(anonymous_1)","decl":{"start":{"line":11,"column":2},"end":{"line":11,"column":25}},"loc":{"start":{"line":11,"column":2},"end":{"line":11,"column":26}}},"1":{"name":"(anonymous_2)","decl":{"start":{"line":13,"column":2},"end":{"line":13,"column":8}},"loc":{"start":{"line":13,"column":20},"end":{"line":16,"column":3}}},"2":{"name":"(anonymous_3)","decl":{"start":{"line":18,"column":10},"end":{"line":18,"column":16}},"loc":{"start":{"line":18,"column":16},"end":{"line":21,"column":3}}},"3":{"name":"(anonymous_4)","decl":{"start":{"line":23,"column":2},"end":{"line":23,"column":7}},"loc":{"start":{"line":23,"column":15},"end":{"line":69,"column":3}}},"4":{"name":"(anonymous_5)","decl":{"start":{"line":71,"column":2},"end":{"line":71,"column":7}},"loc":{"start":{"line":71,"column":7},"end":{"line":73,"column":3}}},"5":{"name":"(anonymous_6)","decl":{"start":{"line":75,"column":2},"end":{"line":75,"column":7}},"loc":{"start":{"line":75,"column":13},"end":{"line":79,"column":3}}}},"branchMap":{"0":{"loc":{"start":{"line":20,"column":11},"end":{"line":20,"column":63}},"type":"binary-expr","locations":[{"start":{"line":20,"column":11},"end":{"line":20,"column":32}},{"start":{"line":20,"column":36},"end":{"line":20,"column":57}},{"start":{"line":20,"column":61},"end":{"line":20,"column":63}}]},"1":{"loc":{"start":{"line":24,"column":4},"end":{"line":24,"column":32}},"type":"if","locations":[{"start":{"line":24,"column":4},"end":{"line":24,"column":32}}]},"2":{"loc":{"start":{"line":27,"column":4},"end":{"line":27,"column":56}},"type":"if","locations":[{"start":{"line":27,"column":4},"end":{"line":27,"column":56}}]},"3":{"loc":{"start":{"line":31,"column":17},"end":{"line":31,"column":52}},"type":"binary-expr","locations":[{"start":{"line":31,"column":17},"end":{"line":31,"column":37}},{"start":{"line":31,"column":41},"end":{"line":31,"column":52}}]},"4":{"loc":{"start":{"line":36,"column":6},"end":{"line":38,"column":7}},"type":"if","locations":[{"start":{"line":36,"column":6},"end":{"line":38,"column":7}}]},"5":{"loc":{"start":{"line":36,"column":10},"end":{"line":36,"column":49}},"type":"binary-expr","locations":[{"start":{"line":36,"column":10},"end":{"line":36,"column":22}},{"start":{"line":36,"column":26},"end":{"line":36,"column":49}}]},"6":{"loc":{"start":{"line":76,"column":4},"end":{"line":76,"column":47}},"type":"if","locations":[{"start":{"line":76,"column":4},"end":{"line":76,"column":47}}]}},"s":{"0":6,"1":6,"2":6,"3":6,"4":6,"5":6,"6":6,"7":6,"8":6,"9":8,"10":2,"11":6,"12":6,"13":1,"14":5,"15":5,"16":5,"17":5,"18":4,"19":5,"20":5,"21":5,"22":5,"23":5,"24":5,"25":5,"26":5,"27":5,"28":5,"29":5,"30":5,"31":5,"32":2,"33":5,"34":5,"35":5,"36":5,"37":6},"f":{"0":6,"1":6,"2":6,"3":8,"4":2,"5":5},"b":{"0":[6,1,1],"1":[2],"2":[1],"3":[5,4],"4":[4],"5":[5,4],"6":[5]}}
,"C:\\Users\\juan.ciro\\Documents\\Taller-28\\SistemaDePedidosRestaurante\\orders-producer-node\\src\\infrastructure\\database\\repositories\\mongo.order.repository.ts": {"path":"C:\\Users\\juan.ciro\\Documents\\Taller-28\\SistemaDePedidosRestaurante\\orders-producer-node\\src\\infrastructure\\database\\repositories\\mongo.order.repository.ts","statementMap":{"0":{"start":{"line":1,"column":0},"end":{"line":1,"column":38}},"1":{"start":{"line":6,"column":27},"end":{"line":6,"column":35}},"2":{"start":{"line":9,"column":15},"end":{"line":9,"column":45}},"3":{"start":{"line":10,"column":4},"end":{"line":10,"column":60}},"4":{"start":{"line":14,"column":16},"end":{"line":14,"column":39}},"5":{"start":{"line":16,"column":4},"end":{"line":16,"column":31}},"6":{"start":{"line":20,"column":16},"end":{"line":20,"column":39}},"7":{"start":{"line":21,"column":4},"end":{"line":21,"column":58}},"8":{"start":{"line":25,"column":16},"end":{"line":25,"column":39}},"9":{"start":{"line":26,"column":16},"end":{"line":26,"column":41}},"10":{"start":{"line":27,"column":4},"end":{"line":27,"column":41}},"11":{"start":{"line":31,"column":16},"end":{"line":31,"column":39}},"12":{"start":{"line":32,"column":16},"end":{"line":32,"column":65}},"13":{"start":{"line":33,"column":4},"end":{"line":33,"column":32}},"14":{"start":{"line":37,"column":16},"end":{"line":37,"column":39}},"15":{"start":{"line":38,"column":4},"end":{"line":38,"column":32}},"16":{"start":{"line":5,"column":0},"end":{"line":5,"column":13}}},"fnMap":{"0":{"name":"(anonymous_1)","decl":{"start":{"line":8,"column":10},"end":{"line":8,"column":15}},"loc":{"start":{"line":8,"column":26},"end":{"line":11,"column":3}}},"1":{"name":"(anonymous_2)","decl":{"start":{"line":13,"column":2},"end":{"line":13,"column":7}},"loc":{"start":{"line":13,"column":34},"end":{"line":17,"column":3}}},"2":{"name":"(anonymous_3)","decl":{"start":{"line":19,"column":2},"end":{"line":19,"column":7}},"loc":{"start":{"line":19,"column":14},"end":{"line":22,"column":3}}},"3":{"name":"(anonymous_4)","decl":{"start":{"line":24,"column":2},"end":{"line":24,"column":7}},"loc":{"start":{"line":24,"column":26},"end":{"line":28,"column":3}}},"4":{"name":"(anonymous_5)","decl":{"start":{"line":30,"column":2},"end":{"line":30,"column":7}},"loc":{"start":{"line":30,"column":63},"end":{"line":34,"column":3}}},"5":{"name":"(anonymous_6)","decl":{"start":{"line":36,"column":2},"end":{"line":36,"column":7}},"loc":{"start":{"line":36,"column":25},"end":{"line":39,"column":3}}}},"branchMap":{"0":{"loc":{"start":{"line":27,"column":12},"end":{"line":27,"column":40}},"type":"binary-expr","locations":[{"start":{"line":27,"column":12},"end":{"line":27,"column":32}},{"start":{"line":27,"column":36},"end":{"line":27,"column":40}}]}},"s":{"0":1,"1":7,"2":7,"3":7,"4":1,"5":1,"6":1,"7":1,"8":2,"9":2,"10":2,"11":2,"12":2,"13":2,"14":1,"15":1,"16":1},"f":{"0":7,"1":1,"2":1,"3":2,"4":2,"5":1},"b":{"0":[2,1]}}
,"C:\\Users\\juan.ciro\\Documents\\Taller-28\\SistemaDePedidosRestaurante\\orders-producer-node\\src\\infrastructure\\database\\repositories\\preparation-time.repository.ts": {"path":"C:\\Users\\juan.ciro\\Documents\\Taller-28\\SistemaDePedidosRestaurante\\orders-producer-node\\src\\infrastructure\\database\\repositories\\preparation-time.repository.ts","statementMap":{"0":{"start":{"line":1,"column":0},"end":{"line":1,"column":38}},"1":{"start":{"line":8,"column":27},"end":{"line":8,"column":46}},"2":{"start":{"line":11,"column":15},"end":{"line":11,"column":45}},"3":{"start":{"line":12,"column":4},"end":{"line":12,"column":63}},"4":{"start":{"line":19,"column":4},"end":{"line":28,"column":5}},"5":{"start":{"line":20,"column":18},"end":{"line":20,"column":41}},"6":{"start":{"line":21,"column":6},"end":{"line":24,"column":19}},"7":{"start":{"line":26,"column":6},"end":{"line":26,"column":87}},"8":{"start":{"line":27,"column":6},"end":{"line":27,"column":16}},"9":{"start":{"line":35,"column":4},"end":{"line":41,"column":5}},"10":{"start":{"line":36,"column":18},"end":{"line":36,"column":41}},"11":{"start":{"line":37,"column":6},"end":{"line":37,"column":44}},"12":{"start":{"line":39,"column":6},"end":{"line":39,"column":79}},"13":{"start":{"line":40,"column":6},"end":{"line":40,"column":18}},"14":{"start":{"line":48,"column":4},"end":{"line":66,"column":5}},"15":{"start":{"line":49,"column":18},"end":{"line":49,"column":41}},"16":{"start":{"line":50,"column":6},"end":{"line":62,"column":8}},"17":{"start":{"line":64,"column":6},"end":{"line":64,"column":71}},"18":{"start":{"line":65,"column":6},"end":{"line":65,"column":18}},"19":{"start":{"line":7,"column":0},"end":{"line":7,"column":13}}},"fnMap":{"0":{"name":"(anonymous_1)","decl":{"start":{"line":10,"column":10},"end":{"line":10,"column":15}},"loc":{"start":{"line":10,"column":26},"end":{"line":13,"column":3}}},"1":{"name":"(anonymous_2)","decl":{"start":{"line":18,"column":2},"end":{"line":18,"column":7}},"loc":{"start":{"line":18,"column":21},"end":{"line":29,"column":3}}},"2":{"name":"(anonymous_3)","decl":{"start":{"line":34,"column":2},"end":{"line":34,"column":7}},"loc":{"start":{"line":34,"column":26},"end":{"line":42,"column":3}}},"3":{"name":"(anonymous_4)","decl":{"start":{"line":47,"column":2},"end":{"line":47,"column":7}},"loc":{"start":{"line":47,"column":47},"end":{"line":67,"column":3}}}},"branchMap":{},"s":{"0":3,"1":6,"2":6,"3":5,"4":2,"5":2,"6":1,"7":1,"8":1,"9":2,"10":2,"11":2,"12":1,"13":1,"14":2,"15":2,"16":2,"17":1,"18":1,"19":3},"f":{"0":6,"1":2,"2":2,"3":2},"b":{}}
,"C:\\Users\\juan.ciro\\Documents\\Taller-28\\SistemaDePedidosRestaurante\\orders-producer-node\\src\\infrastructure\\database\\repositories\\product.repository.ts": {"path":"C:\\Users\\juan.ciro\\Documents\\Taller-28\\SistemaDePedidosRestaurante\\orders-producer-node\\src\\infrastructure\\database\\repositories\\product.repository.ts","statementMap":{"0":{"start":{"line":1,"column":0},"end":{"line":1,"column":38}},"1":{"start":{"line":8,"column":27},"end":{"line":8,"column":37}},"2":{"start":{"line":11,"column":15},"end":{"line":11,"column":45}},"3":{"start":{"line":12,"column":4},"end":{"line":12,"column":55}},"4":{"start":{"line":19,"column":4},"end":{"line":28,"column":5}},"5":{"start":{"line":20,"column":18},"end":{"line":20,"column":41}},"6":{"start":{"line":21,"column":6},"end":{"line":24,"column":19}},"7":{"start":{"line":26,"column":6},"end":{"line":26,"column":74}},"8":{"start":{"line":27,"column":6},"end":{"line":27,"column":16}},"9":{"start":{"line":35,"column":4},"end":{"line":44,"column":5}},"10":{"start":{"line":36,"column":18},"end":{"line":36,"column":41}},"11":{"start":{"line":37,"column":6},"end":{"line":40,"column":19}},"12":{"start":{"line":42,"column":6},"end":{"line":42,"column":84}},"13":{"start":{"line":43,"column":6},"end":{"line":43,"column":16}},"14":{"start":{"line":51,"column":4},"end":{"line":58,"column":5}},"15":{"start":{"line":52,"column":18},"end":{"line":52,"column":41}},"16":{"start":{"line":53,"column":20},"end":{"line":53,"column":65}},"17":{"start":{"line":54,"column":6},"end":{"line":54,"column":38}},"18":{"start":{"line":56,"column":6},"end":{"line":56,"column":66}},"19":{"start":{"line":57,"column":6},"end":{"line":57,"column":18}},"20":{"start":{"line":65,"column":4},"end":{"line":71,"column":5}},"21":{"start":{"line":66,"column":18},"end":{"line":66,"column":41}},"22":{"start":{"line":67,"column":6},"end":{"line":67,"column":83}},"23":{"start":{"line":69,"column":6},"end":{"line":69,"column":70}},"24":{"start":{"line":70,"column":6},"end":{"line":70,"column":18}},"25":{"start":{"line":78,"column":4},"end":{"line":98,"column":5}},"26":{"start":{"line":79,"column":18},"end":{"line":79,"column":41}},"27":{"start":{"line":80,"column":20},"end":{"line":80,"column":76}},"28":{"start":{"line":82,"column":6},"end":{"line":94,"column":8}},"29":{"start":{"line":96,"column":6},"end":{"line":96,"column":58}},"30":{"start":{"line":97,"column":6},"end":{"line":97,"column":18}},"31":{"start":{"line":105,"column":4},"end":{"line":113,"column":5}},"32":{"start":{"line":106,"column":18},"end":{"line":106,"column":41}},"33":{"start":{"line":107,"column":20},"end":{"line":107,"column":65}},"34":{"start":{"line":108,"column":21},"end":{"line":108,"column":100}},"35":{"start":{"line":109,"column":6},"end":{"line":109,"column":37}},"36":{"start":{"line":111,"column":6},"end":{"line":111,"column":63}},"37":{"start":{"line":112,"column":6},"end":{"line":112,"column":19}},"38":{"start":{"line":7,"column":0},"end":{"line":7,"column":13}}},"fnMap":{"0":{"name":"(anonymous_1)","decl":{"start":{"line":10,"column":10},"end":{"line":10,"column":15}},"loc":{"start":{"line":10,"column":26},"end":{"line":13,"column":3}}},"1":{"name":"(anonymous_2)","decl":{"start":{"line":18,"column":2},"end":{"line":18,"column":7}},"loc":{"start":{"line":18,"column":21},"end":{"line":29,"column":3}}},"2":{"name":"(anonymous_3)","decl":{"start":{"line":34,"column":2},"end":{"line":34,"column":7}},"loc":{"start":{"line":34,"column":14},"end":{"line":45,"column":3}}},"3":{"name":"(anonymous_4)","decl":{"start":{"line":50,"column":2},"end":{"line":50,"column":7}},"loc":{"start":{"line":50,"column":35},"end":{"line":59,"column":3}}},"4":{"name":"(anonymous_5)","decl":{"start":{"line":64,"column":2},"end":{"line":64,"column":7}},"loc":{"start":{"line":64,"column":30},"end":{"line":72,"column":3}}},"5":{"name":"(anonymous_6)","decl":{"start":{"line":77,"column":2},"end":{"line":77,"column":7}},"loc":{"start":{"line":77,"column":31},"end":{"line":99,"column":3}}},"6":{"name":"(anonymous_7)","decl":{"start":{"line":104,"column":2},"end":{"line":104,"column":7}},"loc":{"start":{"line":104,"column":35},"end":{"line":114,"column":3}}}},"branchMap":{"0":{"loc":{"start":{"line":53,"column":20},"end":{"line":53,"column":65}},"type":"cond-expr","locations":[{"start":{"line":53,"column":45},"end":{"line":53,"column":51}},{"start":{"line":53,"column":54},"end":{"line":53,"column":65}}]},"1":{"loc":{"start":{"line":80,"column":20},"end":{"line":80,"column":76}},"type":"cond-expr","locations":[{"start":{"line":80,"column":33},"end":{"line":80,"column":51}},{"start":{"line":80,"column":54},"end":{"line":80,"column":76}}]},"2":{"loc":{"start":{"line":107,"column":20},"end":{"line":107,"column":65}},"type":"cond-expr","locations":[{"start":{"line":107,"column":45},"end":{"line":107,"column":51}},{"start":{"line":107,"column":54},"end":{"line":107,"column":65}}]}},"s":{"0":1,"1":1,"2":15,"3":11,"4":2,"5":2,"6":1,"7":1,"8":1,"9":2,"10":2,"11":1,"12":1,"13":1,"14":3,"15":3,"16":2,"17":2,"18":1,"19":1,"20":2,"21":2,"22":1,"23":1,"24":1,"25":3,"26":3,"27":3,"28":3,"29":1,"30":1,"31":3,"32":3,"33":3,"34":3,"35":2,"36":1,"37":1,"38":1},"f":{"0":15,"1":2,"2":2,"3":3,"4":2,"5":3,"6":3},"b":{"0":[1,1],"1":[2,1],"2":[2,1]}}
,"C:\\Users\\juan.ciro\\Documents\\Taller-28\\SistemaDePedidosRestaurante\\orders-producer-node\\src\\infrastructure\\http\\controllers\\kitchen.controller.ts": {"path":"C:\\Users\\juan.ciro\\Documents\\Taller-28\\SistemaDePedidosRestaurante\\orders-producer-node\\src\\infrastructure\\http\\controllers\\kitchen.controller.ts","statementMap":{"0":{"start":{"line":9,"column":0},"end":{"line":9,"column":16}},"1":{"start":{"line":13,"column":0},"end":{"line":13,"column":7}},"2":{"start":{"line":26,"column":0},"end":{"line":26,"column":7}},"3":{"start":{"line":34,"column":0},"end":{"line":34,"column":7}},"4":{"start":{"line":41,"column":0},"end":{"line":41,"column":7}},"5":{"start":{"line":7,"column":35},"end":{"line":7,"column":39}},"6":{"start":{"line":10,"column":2},"end":{"line":10,"column":11}},"7":{"start":{"line":14,"column":2},"end":{"line":22,"column":3}},"8":{"start":{"line":15,"column":4},"end":{"line":17,"column":5}},"9":{"start":{"line":16,"column":6},"end":{"line":16,"column":75}},"10":{"start":{"line":18,"column":20},"end":{"line":18,"column":39}},"11":{"start":{"line":19,"column":4},"end":{"line":19,"column":29}},"12":{"start":{"line":21,"column":4},"end":{"line":21,"column":21}},"13":{"start":{"line":27,"column":2},"end":{"line":29,"column":3}},"14":{"start":{"line":28,"column":4},"end":{"line":28,"column":50}},"15":{"start":{"line":30,"column":2},"end":{"line":30,"column":29}},"16":{"start":{"line":31,"column":2},"end":{"line":31,"column":27}},"17":{"start":{"line":35,"column":2},"end":{"line":37,"column":3}},"18":{"start":{"line":36,"column":4},"end":{"line":36,"column":50}},"19":{"start":{"line":38,"column":2},"end":{"line":38,"column":40}},"20":{"start":{"line":42,"column":2},"end":{"line":44,"column":3}},"21":{"start":{"line":43,"column":4},"end":{"line":43,"column":50}},"22":{"start":{"line":45,"column":2},"end":{"line":45,"column":24}}},"fnMap":{"0":{"name":"setOrderRepository","decl":{"start":{"line":9,"column":16},"end":{"line":9,"column":34}},"loc":{"start":{"line":9,"column":53},"end":{"line":11,"column":1}}},"1":{"name":"getKitchenOrders","decl":{"start":{"line":13,"column":22},"end":{"line":13,"column":38}},"loc":{"start":{"line":13,"column":86},"end":{"line":23,"column":1}}},"2":{"name":"addKitchenOrder","decl":{"start":{"line":26,"column":22},"end":{"line":26,"column":37}},"loc":{"start":{"line":26,"column":57},"end":{"line":32,"column":1}}},"3":{"name":"markOrderReady","decl":{"start":{"line":34,"column":22},"end":{"line":34,"column":36}},"loc":{"start":{"line":34,"column":47},"end":{"line":39,"column":1}}},"4":{"name":"removeOrderFromKitchen","decl":{"start":{"line":41,"column":22},"end":{"line":41,"column":44}},"loc":{"start":{"line":41,"column":55},"end":{"line":46,"column":1}}}},"branchMap":{"0":{"loc":{"start":{"line":15,"column":4},"end":{"line":17,"column":5}},"type":"if","locations":[{"start":{"line":15,"column":4},"end":{"line":17,"column":5}}]},"1":{"loc":{"start":{"line":27,"column":2},"end":{"line":29,"column":3}},"type":"if","locations":[{"start":{"line":27,"column":2},"end":{"line":29,"column":3}}]},"2":{"loc":{"start":{"line":35,"column":2},"end":{"line":37,"column":3}},"type":"if","locations":[{"start":{"line":35,"column":2},"end":{"line":37,"column":3}}]},"3":{"loc":{"start":{"line":42,"column":2},"end":{"line":44,"column":3}},"type":"if","locations":[{"start":{"line":42,"column":2},"end":{"line":44,"column":3}}]}},"s":{"0":4,"1":4,"2":4,"3":4,"4":4,"5":4,"6":6,"7":3,"8":3,"9":1,"10":2,"11":1,"12":1,"13":2,"14":1,"15":1,"16":1,"17":3,"18":1,"19":2,"20":2,"21":1,"22":1},"f":{"0":6,"1":3,"2":2,"3":3,"4":2},"b":{"0":[1],"1":[1],"2":[1],"3":[1]}}
,"C:\\Users\\juan.ciro\\Documents\\Taller-28\\SistemaDePedidosRestaurante\\orders-producer-node\\src\\infrastructure\\messaging\\amqp.connection.ts": {"path":"C:\\Users\\juan.ciro\\Documents\\Taller-28\\SistemaDePedidosRestaurante\\orders-producer-node\\src\\infrastructure\\messaging\\amqp.connection.ts","statementMap":{"0":{"start":{"line":89,"column":0},"end":{"line":89,"column":7}},"1":{"start":{"line":93,"column":0},"end":{"line":93,"column":7}},"2":{"start":{"line":109,"column":0},"end":{"line":109,"column":16}},"3":{"start":{"line":113,"column":0},"end":{"line":113,"column":7}},"4":{"start":{"line":2,"column":0},"end":{"line":2,"column":32}},"5":{"start":{"line":3,"column":0},"end":{"line":3,"column":28}},"6":{"start":{"line":5,"column":0},"end":{"line":5,"column":16}},"7":{"start":{"line":13,"column":55},"end":{"line":13,"column":59}},"8":{"start":{"line":14,"column":28},"end":{"line":14,"column":32}},"9":{"start":{"line":15,"column":25},"end":{"line":15,"column":29}},"10":{"start":{"line":20,"column":4},"end":{"line":20,"column":61}},"11":{"start":{"line":21,"column":4},"end":{"line":21,"column":39}},"12":{"start":{"line":25,"column":4},"end":{"line":25,"column":32}},"13":{"start":{"line":25,"column":25},"end":{"line":25,"column":32}},"14":{"start":{"line":27,"column":17},"end":{"line":27,"column":49}},"15":{"start":{"line":29,"column":4},"end":{"line":56,"column":5}},"16":{"start":{"line":30,"column":6},"end":{"line":52,"column":7}},"17":{"start":{"line":31,"column":8},"end":{"line":38,"column":11}},"18":{"start":{"line":39,"column":8},"end":{"line":39,"column":52}},"19":{"start":{"line":41,"column":8},"end":{"line":50,"column":11}},"20":{"start":{"line":51,"column":8},"end":{"line":51,"column":53}},"21":{"start":{"line":54,"column":6},"end":{"line":54,"column":59}},"22":{"start":{"line":55,"column":6},"end":{"line":55,"column":16}},"23":{"start":{"line":60,"column":4},"end":{"line":60,"column":42}},"24":{"start":{"line":60,"column":22},"end":{"line":60,"column":42}},"25":{"start":{"line":62,"column":4},"end":{"line":62,"column":47}},"26":{"start":{"line":62,"column":26},"end":{"line":62,"column":47}},"27":{"start":{"line":64,"column":4},"end":{"line":64,"column":80}},"28":{"start":{"line":64,"column":26},"end":{"line":64,"column":80}},"29":{"start":{"line":66,"column":4},"end":{"line":66,"column":57}},"30":{"start":{"line":67,"column":4},"end":{"line":67,"column":39}},"31":{"start":{"line":69,"column":4},"end":{"line":69,"column":81}},"32":{"start":{"line":69,"column":23},"end":{"line":69,"column":81}},"33":{"start":{"line":71,"column":4},"end":{"line":71,"column":24}},"34":{"start":{"line":76,"column":15},"end":{"line":76,"column":38}},"35":{"start":{"line":77,"column":4},"end":{"line":77,"column":51}},"36":{"start":{"line":78,"column":4},"end":{"line":78,"column":41}},"37":{"start":{"line":83,"column":4},"end":{"line":83,"column":24}},"38":{"start":{"line":87,"column":17},"end":{"line":87,"column":49}},"39":{"start":{"line":90,"column":2},"end":{"line":90,"column":31}},"40":{"start":{"line":94,"column":2},"end":{"line":106,"column":3}},"41":{"start":{"line":96,"column":4},"end":{"line":96,"column":56}},"42":{"start":{"line":97,"column":4},"end":{"line":97,"column":62}},"43":{"start":{"line":100,"column":4},"end":{"line":105,"column":5}},"44":{"start":{"line":101,"column":6},"end":{"line":101,"column":71}},"45":{"start":{"line":103,"column":6},"end":{"line":103,"column":57}},"46":{"start":{"line":104,"column":6},"end":{"line":104,"column":19}},"47":{"start":{"line":110,"column":2},"end":{"line":110,"column":18}},"48":{"start":{"line":114,"column":2},"end":{"line":114,"column":28}}},"fnMap":{"0":{"name":"(anonymous_10)","decl":{"start":{"line":17,"column":2},"end":{"line":17,"column":25}},"loc":{"start":{"line":17,"column":2},"end":{"line":17,"column":26}}},"1":{"name":"(anonymous_11)","decl":{"start":{"line":19,"column":2},"end":{"line":19,"column":8}},"loc":{"start":{"line":19,"column":20},"end":{"line":22,"column":3}}},"2":{"name":"(anonymous_12)","decl":{"start":{"line":24,"column":2},"end":{"line":24,"column":7}},"loc":{"start":{"line":24,"column":15},"end":{"line":57,"column":3}}},"3":{"name":"(anonymous_13)","decl":{"start":{"line":59,"column":2},"end":{"line":59,"column":7}},"loc":{"start":{"line":59,"column":18},"end":{"line":72,"column":3}}},"4":{"name":"(anonymous_14)","decl":{"start":{"line":75,"column":2},"end":{"line":75,"column":7}},"loc":{"start":{"line":75,"column":83},"end":{"line":79,"column":3}}},"5":{"name":"(anonymous_15)","decl":{"start":{"line":82,"column":2},"end":{"line":82,"column":25}},"loc":{"start":{"line":82,"column":25},"end":{"line":84,"column":3}}},"6":{"name":"getChannel","decl":{"start":{"line":89,"column":22},"end":{"line":89,"column":32}},"loc":{"start":{"line":89,"column":32},"end":{"line":91,"column":1}}},"7":{"name":"sendToDLQ","decl":{"start":{"line":93,"column":22},"end":{"line":93,"column":31}},"loc":{"start":{"line":93,"column":85},"end":{"line":107,"column":1}}},"8":{"name":"_getInstanceForTesting","decl":{"start":{"line":109,"column":16},"end":{"line":109,"column":38}},"loc":{"start":{"line":109,"column":38},"end":{"line":111,"column":1}}},"9":{"name":"_callConnectForTesting","decl":{"start":{"line":113,"column":22},"end":{"line":113,"column":44}},"loc":{"start":{"line":113,"column":44},"end":{"line":115,"column":1}}}},"branchMap":{"0":{"loc":{"start":{"line":25,"column":4},"end":{"line":25,"column":32}},"type":"if","locations":[{"start":{"line":25,"column":4},"end":{"line":25,"column":32}}]},"1":{"loc":{"start":{"line":30,"column":6},"end":{"line":52,"column":7}},"type":"if","locations":[{"start":{"line":30,"column":6},"end":{"line":52,"column":7}},{"start":{"line":40,"column":13},"end":{"line":52,"column":7}}]},"2":{"loc":{"start":{"line":44,"column":16},"end":{"line":44,"column":64}},"type":"binary-expr","locations":[{"start":{"line":44,"column":16},"end":{"line":44,"column":51}},{"start":{"line":44,"column":55},"end":{"line":44,"column":64}}]},"3":{"loc":{"start":{"line":60,"column":4},"end":{"line":60,"column":42}},"type":"if","locations":[{"start":{"line":60,"column":4},"end":{"line":60,"column":42}}]},"4":{"loc":{"start":{"line":62,"column":4},"end":{"line":62,"column":47}},"type":"if","locations":[{"start":{"line":62,"column":4},"end":{"line":62,"column":47}}]},"5":{"loc":{"start":{"line":64,"column":4},"end":{"line":64,"column":80}},"type":"if","locations":[{"start":{"line":64,"column":4},"end":{"line":64,"column":80}}]},"6":{"loc":{"start":{"line":69,"column":4},"end":{"line":69,"column":81}},"type":"if","locations":[{"start":{"line":69,"column":4},"end":{"line":69,"column":81}}]},"7":{"loc":{"start":{"line":75,"column":52},"end":{"line":75,"column":83}},"type":"default-arg","locations":[{"start":{"line":75,"column":81},"end":{"line":75,"column":83}}]}},"s":{"0":22,"1":22,"2":22,"3":22,"4":22,"5":22,"6":22,"7":22,"8":22,"9":22,"10":22,"11":22,"12":23,"13":4,"14":19,"15":19,"16":19,"17":1,"18":1,"19":18,"20":16,"21":2,"22":2,"23":27,"24":7,"25":20,"26":19,"27":18,"28":1,"29":17,"30":15,"31":15,"32":1,"33":14,"34":6,"35":6,"36":5,"37":1,"38":22,"39":21,"40":5,"41":5,"42":1,"43":4,"44":4,"45":1,"46":1,"47":3,"48":4},"f":{"0":22,"1":22,"2":23,"3":27,"4":6,"5":1,"6":21,"7":5,"8":3,"9":4},"b":{"0":[4],"1":[1,18],"2":[18,7],"3":[7],"4":[19],"5":[1],"6":[1],"7":[1]}}
,"C:\\Users\\juan.ciro\\Documents\\Taller-28\\SistemaDePedidosRestaurante\\orders-producer-node\\src\\infrastructure\\messaging\\rabbit.adapter.ts": {"path":"C:\\Users\\juan.ciro\\Documents\\Taller-28\\SistemaDePedidosRestaurante\\orders-producer-node\\src\\infrastructure\\messaging\\rabbit.adapter.ts","statementMap":{"0":{"start":{"line":1,"column":0},"end":{"line":1,"column":47}},"1":{"start":{"line":11,"column":4},"end":{"line":11,"column":31}},"2":{"start":{"line":15,"column":20},"end":{"line":15,"column":38}},"3":{"start":{"line":16,"column":14},"end":{"line":16,"column":38}},"4":{"start":{"line":17,"column":4},"end":{"line":17,"column":52}},"5":{"start":{"line":18,"column":16},"end":{"line":18,"column":81}},"6":{"start":{"line":19,"column":4},"end":{"line":19,"column":54}},"7":{"start":{"line":7,"column":0},"end":{"line":7,"column":13}}},"fnMap":{"0":{"name":"(anonymous_0)","decl":{"start":{"line":10,"column":2},"end":{"line":10,"column":14}},"loc":{"start":{"line":10,"column":31},"end":{"line":12,"column":3}}},"1":{"name":"(anonymous_1)","decl":{"start":{"line":14,"column":2},"end":{"line":14,"column":7}},"loc":{"start":{"line":14,"column":56},"end":{"line":20,"column":3}}}},"branchMap":{"0":{"loc":{"start":{"line":16,"column":14},"end":{"line":16,"column":38}},"type":"binary-expr","locations":[{"start":{"line":16,"column":14},"end":{"line":16,"column":20}},{"start":{"line":16,"column":24},"end":{"line":16,"column":38}}]},"1":{"loc":{"start":{"line":18,"column":16},"end":{"line":18,"column":81}},"type":"cond-expr","locations":[{"start":{"line":18,"column":43},"end":{"line":18,"column":50}},{"start":{"line":18,"column":53},"end":{"line":18,"column":81}}]}},"s":{"0":1,"1":3,"2":3,"3":3,"4":3,"5":3,"6":3,"7":1},"f":{"0":3,"1":3},"b":{"0":[3,1],"1":[1,2]}}
,"C:\\Users\\juan.ciro\\Documents\\Taller-28\\SistemaDePedidosRestaurante\\orders-producer-node\\src\\infrastructure\\messaging\\worker.ts": {"path":"C:\\Users\\juan.ciro\\Documents\\Taller-28\\SistemaDePedidosRestaurante\\orders-producer-node\\src\\infrastructure\\messaging\\worker.ts","statementMap":{"0":{"start":{"line":16,"column":0},"end":{"line":16,"column":7}},"1":{"start":{"line":2,"column":0},"end":{"line":2,"column":55}},"2":{"start":{"line":5,"column":0},"end":{"line":5,"column":88}},"3":{"start":{"line":6,"column":0},"end":{"line":6,"column":90}},"4":{"start":{"line":7,"column":0},"end":{"line":7,"column":58}},"5":{"start":{"line":8,"column":0},"end":{"line":8,"column":null}},"6":{"start":{"line":15,"column":11},"end":{"line":15,"column":63}},"7":{"start":{"line":17,"column":2},"end":{"line":123,"column":3}},"8":{"start":{"line":19,"column":4},"end":{"line":22,"column":5}},"9":{"start":{"line":20,"column":6},"end":{"line":20,"column":53}},"10":{"start":{"line":21,"column":6},"end":{"line":21,"column":73}},"11":{"start":{"line":24,"column":20},"end":{"line":24,"column":38}},"12":{"start":{"line":25,"column":18},"end":{"line":25,"column":30}},"13":{"start":{"line":27,"column":4},"end":{"line":27,"column":56}},"14":{"start":{"line":28,"column":4},"end":{"line":28,"column":24}},"15":{"start":{"line":30,"column":4},"end":{"line":30,"column":61}},"16":{"start":{"line":32,"column":4},"end":{"line":120,"column":6}},"17":{"start":{"line":35,"column":8},"end":{"line":35,"column":25}},"18":{"start":{"line":35,"column":18},"end":{"line":35,"column":25}},"19":{"start":{"line":37,"column":8},"end":{"line":117,"column":9}},"20":{"start":{"line":38,"column":39},"end":{"line":38,"column":73}},"21":{"start":{"line":39,"column":10},"end":{"line":39,"column":138}},"22":{"start":{"line":40,"column":10},"end":{"line":40,"column":64}},"23":{"start":{"line":44,"column":31},"end":{"line":44,"column":68}},"24":{"start":{"line":45,"column":10},"end":{"line":45,"column":46}},"25":{"start":{"line":48,"column":10},"end":{"line":48,"column":62}},"26":{"start":{"line":51,"column":10},"end":{"line":53,"column":11}},"27":{"start":{"line":52,"column":12},"end":{"line":52,"column":69}},"28":{"start":{"line":55,"column":30},"end":{"line":55,"column":31}},"29":{"start":{"line":56,"column":10},"end":{"line":58,"column":11}},"30":{"start":{"line":57,"column":12},"end":{"line":57,"column":83}},"31":{"start":{"line":60,"column":10},"end":{"line":60,"column":63}},"32":{"start":{"line":61,"column":10},"end":{"line":61,"column":52}},"33":{"start":{"line":64,"column":10},"end":{"line":64,"column":97}},"34":{"start":{"line":64,"column":41},"end":{"line":64,"column":95}},"35":{"start":{"line":67,"column":10},"end":{"line":67,"column":42}},"36":{"start":{"line":69,"column":10},"end":{"line":69,"column":122}},"37":{"start":{"line":72,"column":10},"end":{"line":77,"column":13}},"38":{"start":{"line":80,"column":11},"end":{"line":80,"column":51}},"39":{"start":{"line":82,"column":10},"end":{"line":82,"column":27}},"40":{"start":{"line":85,"column":20},"end":{"line":85,"column":51}},"41":{"start":{"line":86,"column":10},"end":{"line":92,"column":11}},"42":{"start":{"line":87,"column":12},"end":{"line":90,"column":15}},"43":{"start":{"line":91,"column":12},"end":{"line":91,"column":58}},"44":{"start":{"line":96,"column":10},"end":{"line":116,"column":11}},"45":{"start":{"line":97,"column":12},"end":{"line":97,"column":74}},"46":{"start":{"line":100,"column":26},"end":{"line":100,"column":37}},"47":{"start":{"line":101,"column":12},"end":{"line":110,"column":13}},"48":{"start":{"line":102,"column":14},"end":{"line":109,"column":15}},"49":{"start":{"line":103,"column":28},"end":{"line":103,"column":62}},"50":{"start":{"line":104,"column":16},"end":{"line":104,"column":42}},"51":{"start":{"line":105,"column":16},"end":{"line":105,"column":55}},"52":{"start":{"line":106,"column":16},"end":{"line":106,"column":59}},"53":{"start":{"line":111,"column":12},"end":{"line":111,"column":63}},"54":{"start":{"line":113,"column":12},"end":{"line":113,"column":62}},"55":{"start":{"line":115,"column":12},"end":{"line":115,"column":44}},"56":{"start":{"line":122,"column":4},"end":{"line":122,"column":48}}},"fnMap":{"0":{"name":"startWorker","decl":{"start":{"line":16,"column":22},"end":{"line":16,"column":33}},"loc":{"start":{"line":16,"column":33},"end":{"line":124,"column":1}}},"1":{"name":"(anonymous_1)","decl":{"start":{"line":34,"column":6},"end":{"line":34,"column":11}},"loc":{"start":{"line":34,"column":25},"end":{"line":118,"column":7}}},"2":{"name":"(anonymous_2)","decl":{"start":{"line":64,"column":28},"end":{"line":64,"column":29}},"loc":{"start":{"line":64,"column":41},"end":{"line":64,"column":95}}}},"branchMap":{"0":{"loc":{"start":{"line":19,"column":4},"end":{"line":22,"column":5}},"type":"if","locations":[{"start":{"line":19,"column":4},"end":{"line":22,"column":5}}]},"1":{"loc":{"start":{"line":35,"column":8},"end":{"line":35,"column":25}},"type":"if","locations":[{"start":{"line":35,"column":8},"end":{"line":35,"column":25}}]},"2":{"loc":{"start":{"line":39,"column":26},"end":{"line":39,"column":137}},"type":"binary-expr","locations":[{"start":{"line":39,"column":27},"end":{"line":39,"column":41}},{"start":{"line":39,"column":46},"end":{"line":39,"column":74}},{"start":{"line":39,"column":78},"end":{"line":39,"column":122}},{"start":{"line":39,"column":128},"end":{"line":39,"column":137}}]},"3":{"loc":{"start":{"line":51,"column":10},"end":{"line":53,"column":11}},"type":"if","locations":[{"start":{"line":51,"column":10},"end":{"line":53,"column":11}}]},"4":{"loc":{"start":{"line":69,"column":97},"end":{"line":69,"column":117}},"type":"binary-expr","locations":[{"start":{"line":69,"column":97},"end":{"line":69,"column":110}},{"start":{"line":69,"column":114},"end":{"line":69,"column":117}}]},"5":{"loc":{"start":{"line":86,"column":10},"end":{"line":92,"column":11}},"type":"if","locations":[{"start":{"line":86,"column":10},"end":{"line":92,"column":11}}]},"6":{"loc":{"start":{"line":101,"column":12},"end":{"line":110,"column":13}},"type":"if","locations":[{"start":{"line":101,"column":12},"end":{"line":110,"column":13}}]},"7":{"loc":{"start":{"line":104,"column":27},"end":{"line":104,"column":41}},"type":"binary-expr","locations":[{"start":{"line":104,"column":27},"end":{"line":104,"column":35}},{"start":{"line":104,"column":39},"end":{"line":104,"column":41}}]}},"s":{"0":5,"1":5,"2":5,"3":5,"4":5,"5":5,"6":5,"7":12,"8":12,"9":5,"10":5,"11":12,"12":11,"13":11,"14":11,"15":11,"16":11,"17":10,"18":1,"19":9,"20":9,"21":9,"22":9,"23":9,"24":9,"25":9,"26":9,"27":4,"28":5,"29":5,"30":5,"31":4,"32":4,"33":4,"34":4,"35":4,"36":4,"37":4,"38":4,"39":4,"40":4,"41":4,"42":1,"43":1,"44":5,"45":5,"46":5,"47":5,"48":2,"49":2,"50":2,"51":2,"52":2,"53":5,"54":1,"55":5,"56":1},"f":{"0":12,"1":10,"2":4},"b":{"0":[5],"1":[1],"2":[9,9,6,6],"3":[4],"4":[4,3],"5":[1],"6":[2],"7":[2,2]}}
,"C:\\Users\\juan.ciro\\Documents\\Taller-28\\SistemaDePedidosRestaurante\\orders-producer-node\\src\\infrastructure\\websocket\\ws-server.ts": {"path":"C:\\Users\\juan.ciro\\Documents\\Taller-28\\SistemaDePedidosRestaurante\\orders-producer-node\\src\\infrastructure\\websocket\\ws-server.ts","statementMap":{"0":{"start":{"line":6,"column":0},"end":{"line":6,"column":16}},"1":{"start":{"line":1,"column":0},"end":{"line":1,"column":48}},"2":{"start":{"line":3,"column":13},"end":{"line":3,"column":55}},"3":{"start":{"line":4,"column":0},"end":{"line":4,"column":61}},"4":{"start":{"line":7,"column":18},"end":{"line":7,"column":41}},"5":{"start":{"line":9,"column":2},"end":{"line":13,"column":5}},"6":{"start":{"line":10,"column":4},"end":{"line":12,"column":5}},"7":{"start":{"line":11,"column":6},"end":{"line":11,"column":27}}},"fnMap":{"0":{"name":"notifyClients","decl":{"start":{"line":6,"column":16},"end":{"line":6,"column":29}},"loc":{"start":{"line":6,"column":42},"end":{"line":14,"column":1}}},"1":{"name":"(anonymous_1)","decl":{"start":{"line":9,"column":22},"end":{"line":9,"column":23}},"loc":{"start":{"line":9,"column":44},"end":{"line":13,"column":3}}}},"branchMap":{"0":{"loc":{"start":{"line":10,"column":4},"end":{"line":12,"column":5}},"type":"if","locations":[{"start":{"line":10,"column":4},"end":{"line":12,"column":5}}]}},"s":{"0":2,"1":2,"2":2,"3":2,"4":3,"5":3,"6":7,"7":6},"f":{"0":3,"1":7},"b":{"0":[6]}}
}
